This file contains any messages produced by compilers while
running configure, to aid debugging if configure makes a mistake.

It was created by CLB configure 0.01, which was
generated by GNU Autoconf 2.71.  Invocation command line was

  $ ./configure --disable-cuda --with-metis=/home/lisataldir/local --with-metis-include=/home/lisataldir/local/include

## --------- ##
## Platform. ##
## --------- ##

hostname = lisataldir-Latitude-E7270
uname -m = x86_64
uname -r = 5.15.0-135-generic
uname -s = Linux
uname -v = #146-Ubuntu SMP Sat Feb 15 17:06:22 UTC 2025

/usr/bin/uname -p = x86_64
/bin/uname -X     = unknown

/bin/arch              = x86_64
/usr/bin/arch -k       = unknown
/usr/convex/getsysinfo = unknown
/usr/bin/hostinfo      = unknown
/bin/machine           = unknown
/usr/bin/oslevel       = unknown
/bin/universe          = unknown

PATH: /usr/lib/x86_64-linux-gnu/openmpi/bin/
PATH: /opt/openfoam11/thirdparty/platforms/linux64Gcc/gperftools-svn/bin/
PATH: /opt/openfoam11/bin/
PATH: /opt/openfoam11/wmake/
PATH: /home/lisataldir/OpenFOAM/lisataldir-11/platforms/linux64GccDPInt32Opt/bin/
PATH: /opt/site/11/platforms/linux64GccDPInt32Opt/bin/
PATH: /opt/openfoam11/platforms/linux64GccDPInt32Opt/bin/
PATH: /usr/local/sbin/
PATH: /usr/local/bin/
PATH: /usr/sbin/
PATH: /usr/bin/
PATH: /sbin/
PATH: /bin/
PATH: /usr/games/
PATH: /usr/local/games/
PATH: /snap/bin/


## ----------- ##
## Core tests. ##
## ----------- ##

configure:2876: checking for C++ compiler version
configure:2885: g++ --version >&5
g++ (Ubuntu 11.4.0-1ubuntu1~22.04) 11.4.0
Copyright (C) 2021 Free Software Foundation, Inc.
This is free software; see the source for copying conditions.  There is NO
warranty; not even for MERCHANTABILITY or FITNESS FOR A PARTICULAR PURPOSE.

configure:2896: $? = 0
configure:2885: g++ -v >&5
Using built-in specs.
COLLECT_GCC=g++
COLLECT_LTO_WRAPPER=/usr/lib/gcc/x86_64-linux-gnu/11/lto-wrapper
OFFLOAD_TARGET_NAMES=nvptx-none:amdgcn-amdhsa
OFFLOAD_TARGET_DEFAULT=1
Target: x86_64-linux-gnu
Configured with: ../src/configure -v --with-pkgversion='Ubuntu 11.4.0-1ubuntu1~22.04' --with-bugurl=file:///usr/share/doc/gcc-11/README.Bugs --enable-languages=c,ada,c++,go,brig,d,fortran,objc,obj-c++,m2 --prefix=/usr --with-gcc-major-version-only --program-suffix=-11 --program-prefix=x86_64-linux-gnu- --enable-shared --enable-linker-build-id --libexecdir=/usr/lib --without-included-gettext --enable-threads=posix --libdir=/usr/lib --enable-nls --enable-bootstrap --enable-clocale=gnu --enable-libstdcxx-debug --enable-libstdcxx-time=yes --with-default-libstdcxx-abi=new --enable-gnu-unique-object --disable-vtable-verify --enable-plugin --enable-default-pie --with-system-zlib --enable-libphobos-checking=release --with-target-system-zlib=auto --enable-objc-gc=auto --enable-multiarch --disable-werror --enable-cet --with-arch-32=i686 --with-abi=m64 --with-multilib-list=m32,m64,mx32 --enable-multilib --with-tune=generic --enable-offload-targets=nvptx-none=/build/gcc-11-XeT9lY/gcc-11-11.4.0/debian/tmp-nvptx/usr,amdgcn-amdhsa=/build/gcc-11-XeT9lY/gcc-11-11.4.0/debian/tmp-gcn/usr --without-cuda-driver --enable-checking=release --build=x86_64-linux-gnu --host=x86_64-linux-gnu --target=x86_64-linux-gnu --with-build-config=bootstrap-lto-lean --enable-link-serialization=2
Thread model: posix
Supported LTO compression algorithms: zlib zstd
gcc version 11.4.0 (Ubuntu 11.4.0-1ubuntu1~22.04) 
... rest of stderr output deleted ...
configure:2896: $? = 0
configure:2885: g++ -V >&5
g++: error: unrecognized command-line option '-V'
g++: fatal error: no input files
compilation terminated.
configure:2896: $? = 1
configure:2885: g++ -qversion >&5
g++: error: unrecognized command-line option '-qversion'; did you mean '--version'?
g++: fatal error: no input files
compilation terminated.
configure:2896: $? = 1
configure:2916: checking whether the C++ compiler works
configure:2938: g++   -I/usr/lib/x86_64-linux-gnu/openmpi/include -I/usr/lib/x86_64-linux-gnu/openmpi/include/openmpi  -L/usr/lib/x86_64-linux-gnu/openmpi/lib -lmpi_cxx -lmpi conftest.cpp  >&5
configure:2942: $? = 0
configure:2992: result: yes
configure:2995: checking for C++ compiler default output file name
configure:2997: result: a.out
configure:3003: checking for suffix of executables
configure:3010: g++ -o conftest   -I/usr/lib/x86_64-linux-gnu/openmpi/include -I/usr/lib/x86_64-linux-gnu/openmpi/include/openmpi  -L/usr/lib/x86_64-linux-gnu/openmpi/lib -lmpi_cxx -lmpi conftest.cpp  >&5
configure:3014: $? = 0
configure:3037: result: 
configure:3059: checking whether we are cross compiling
configure:3067: g++ -o conftest   -I/usr/lib/x86_64-linux-gnu/openmpi/include -I/usr/lib/x86_64-linux-gnu/openmpi/include/openmpi  -L/usr/lib/x86_64-linux-gnu/openmpi/lib -lmpi_cxx -lmpi conftest.cpp  >&5
configure:3071: $? = 0
configure:3078: ./conftest
configure:3082: $? = 0
configure:3097: result: no
configure:3102: checking for suffix of object files
configure:3125: g++ -c   -I/usr/lib/x86_64-linux-gnu/openmpi/include -I/usr/lib/x86_64-linux-gnu/openmpi/include/openmpi conftest.cpp >&5
configure:3129: $? = 0
configure:3151: result: o
configure:3155: checking whether the compiler supports GNU C++
configure:3175: g++ -c   -I/usr/lib/x86_64-linux-gnu/openmpi/include -I/usr/lib/x86_64-linux-gnu/openmpi/include/openmpi conftest.cpp >&5
configure:3175: $? = 0
configure:3185: result: yes
configure:3196: checking whether g++ accepts -g
configure:3217: g++ -c -g  -I/usr/lib/x86_64-linux-gnu/openmpi/include -I/usr/lib/x86_64-linux-gnu/openmpi/include/openmpi conftest.cpp >&5
configure:3217: $? = 0
configure:3261: result: yes
configure:3281: checking for g++ option to enable C++11 features
configure:3296: g++  -c -g -O2  -I/usr/lib/x86_64-linux-gnu/openmpi/include -I/usr/lib/x86_64-linux-gnu/openmpi/include/openmpi conftest.cpp >&5
conftest.cpp: In function 'int main(int, char**)':
conftest.cpp:175:25: warning: empty parentheses were disambiguated as a function declaration [-Wvexing-parse]
  175 |   cxx11test::delegate d2();
      |                         ^~
conftest.cpp:175:25: note: remove parentheses to default-initialize a variable
  175 |   cxx11test::delegate d2();
      |                         ^~
      |                         --
conftest.cpp:175:25: note: or replace parentheses with braces to value-initialize a variable
configure:3296: $? = 0
configure:3314: result: none needed
configure:3386: checking for stdio.h
configure:3386: g++ -c -g -O2  -I/usr/lib/x86_64-linux-gnu/openmpi/include -I/usr/lib/x86_64-linux-gnu/openmpi/include/openmpi conftest.cpp >&5
configure:3386: $? = 0
configure:3386: result: yes
configure:3386: checking for stdlib.h
configure:3386: g++ -c -g -O2  -I/usr/lib/x86_64-linux-gnu/openmpi/include -I/usr/lib/x86_64-linux-gnu/openmpi/include/openmpi conftest.cpp >&5
configure:3386: $? = 0
configure:3386: result: yes
configure:3386: checking for string.h
configure:3386: g++ -c -g -O2  -I/usr/lib/x86_64-linux-gnu/openmpi/include -I/usr/lib/x86_64-linux-gnu/openmpi/include/openmpi conftest.cpp >&5
configure:3386: $? = 0
configure:3386: result: yes
configure:3386: checking for inttypes.h
configure:3386: g++ -c -g -O2  -I/usr/lib/x86_64-linux-gnu/openmpi/include -I/usr/lib/x86_64-linux-gnu/openmpi/include/openmpi conftest.cpp >&5
configure:3386: $? = 0
configure:3386: result: yes
configure:3386: checking for stdint.h
configure:3386: g++ -c -g -O2  -I/usr/lib/x86_64-linux-gnu/openmpi/include -I/usr/lib/x86_64-linux-gnu/openmpi/include/openmpi conftest.cpp >&5
configure:3386: $? = 0
configure:3386: result: yes
configure:3386: checking for strings.h
configure:3386: g++ -c -g -O2  -I/usr/lib/x86_64-linux-gnu/openmpi/include -I/usr/lib/x86_64-linux-gnu/openmpi/include/openmpi conftest.cpp >&5
configure:3386: $? = 0
configure:3386: result: yes
configure:3386: checking for sys/stat.h
configure:3386: g++ -c -g -O2  -I/usr/lib/x86_64-linux-gnu/openmpi/include -I/usr/lib/x86_64-linux-gnu/openmpi/include/openmpi conftest.cpp >&5
configure:3386: $? = 0
configure:3386: result: yes
configure:3386: checking for sys/types.h
configure:3386: g++ -c -g -O2  -I/usr/lib/x86_64-linux-gnu/openmpi/include -I/usr/lib/x86_64-linux-gnu/openmpi/include/openmpi conftest.cpp >&5
configure:3386: $? = 0
configure:3386: result: yes
configure:3386: checking for unistd.h
configure:3386: g++ -c -g -O2  -I/usr/lib/x86_64-linux-gnu/openmpi/include -I/usr/lib/x86_64-linux-gnu/openmpi/include/openmpi conftest.cpp >&5
configure:3386: $? = 0
configure:3386: result: yes
configure:3414: checking for float.h
configure:3414: g++ -c -g -O2  -I/usr/lib/x86_64-linux-gnu/openmpi/include -I/usr/lib/x86_64-linux-gnu/openmpi/include/openmpi conftest.cpp >&5
configure:3414: $? = 0
configure:3414: result: yes
configure:3414: checking for stddef.h
configure:3414: g++ -c -g -O2  -I/usr/lib/x86_64-linux-gnu/openmpi/include -I/usr/lib/x86_64-linux-gnu/openmpi/include/openmpi conftest.cpp >&5
configure:3414: $? = 0
configure:3414: result: yes
configure:3414: checking for stdint.h
configure:3414: result: yes
configure:3414: checking for stdlib.h
configure:3414: result: yes
configure:3414: checking for string.h
configure:3414: result: yes
configure:3414: checking for wchar.h
configure:3414: g++ -c -g -O2  -I/usr/lib/x86_64-linux-gnu/openmpi/include -I/usr/lib/x86_64-linux-gnu/openmpi/include/openmpi conftest.cpp >&5
configure:3414: $? = 0
configure:3414: result: yes
configure:3426: checking for sqrt in -lm
configure:3448: g++ -o conftest -g -O2  -I/usr/lib/x86_64-linux-gnu/openmpi/include -I/usr/lib/x86_64-linux-gnu/openmpi/include/openmpi  -L/usr/lib/x86_64-linux-gnu/openmpi/lib -lmpi_cxx -lmpi conftest.cpp -lm   >&5
configure:3448: $? = 0
configure:3458: result: yes
configure:3473: checking for cxxabi.h
configure:3473: g++ -c -g -O2  -I/usr/lib/x86_64-linux-gnu/openmpi/include -I/usr/lib/x86_64-linux-gnu/openmpi/include/openmpi conftest.cpp >&5
configure:3473: $? = 0
configure:3473: result: yes
configure:4135: checking MPI include path
configure:4143: result: /usr/include/mpi
configure:4151: checking MPI library path
configure:4159: result: /usr/lib/openmpi/lib
configure:4168: checking for mpi.h
configure:4168: g++ -c -g -O2  -I/usr/lib/x86_64-linux-gnu/openmpi/include -I/usr/lib/x86_64-linux-gnu/openmpi/include/openmpi -I/usr/include/mpi conftest.cpp >&5
configure:4168: $? = 0
configure:4168: result: yes
configure:4178: checking for MPI_Recv in -lmpi
configure:4200: g++ -o conftest -g -O2  -I/usr/lib/x86_64-linux-gnu/openmpi/include -I/usr/lib/x86_64-linux-gnu/openmpi/include/openmpi -I/usr/include/mpi  -L/usr/lib/x86_64-linux-gnu/openmpi/lib -lmpi_cxx -lmpi -L/usr/lib/openmpi/lib conftest.cpp -lmpi  -lm  >&5
configure:4200: $? = 0
configure:4210: result: yes
configure:4235: checking EIGEN path
configure:4251: checking for Eigen/Dense
configure:4251: g++ -c -g -O2  -I/usr/lib/x86_64-linux-gnu/openmpi/include -I/usr/lib/x86_64-linux-gnu/openmpi/include/openmpi -I/usr/include/mpi conftest.cpp >&5
conftest.cpp:63:10: fatal error: Eigen/Dense: No such file or directory
   63 | #include <Eigen/Dense>
      |          ^~~~~~~~~~~~~
compilation terminated.
configure:4251: $? = 1
configure: failed program was:
| /* confdefs.h */
| #define PACKAGE_NAME "CLB"
| #define PACKAGE_TARNAME "clb"
| #define PACKAGE_VERSION "0.01"
| #define PACKAGE_STRING "CLB 0.01"
| #define PACKAGE_BUGREPORT ""
| #define PACKAGE_URL ""
| #define HAVE_STDIO_H 1
| #define HAVE_STDLIB_H 1
| #define HAVE_STRING_H 1
| #define HAVE_INTTYPES_H 1
| #define HAVE_STDINT_H 1
| #define HAVE_STRINGS_H 1
| #define HAVE_SYS_STAT_H 1
| #define HAVE_SYS_TYPES_H 1
| #define HAVE_UNISTD_H 1
| #define STDC_HEADERS 1
| #define HAVE_FLOAT_H 1
| #define HAVE_STDDEF_H 1
| #define HAVE_STDINT_H 1
| #define HAVE_STDLIB_H 1
| #define HAVE_STRING_H 1
| #define HAVE_WCHAR_H 1
| #define HAVE_LIBM 1
| #define HAVE_CXXABI_H 1
| #define HAS_CXXABI_H 1
| #define CALC_DOUBLE_PRECISION 1
| #define CROSS_CPU 1
| #define X_BLOCK 1
| #define WARPSIZE 1
| #define GRID3D 1
| #define HAVE_MPI_H 1
| #define HAVE_LIBMPI 1
| /* end confdefs.h.  */
| #include <stddef.h>
| #ifdef HAVE_STDIO_H
| # include <stdio.h>
| #endif
| #ifdef HAVE_STDLIB_H
| # include <stdlib.h>
| #endif
| #ifdef HAVE_STRING_H
| # include <string.h>
| #endif
| #ifdef HAVE_INTTYPES_H
| # include <inttypes.h>
| #endif
| #ifdef HAVE_STDINT_H
| # include <stdint.h>
| #endif
| #ifdef HAVE_STRINGS_H
| # include <strings.h>
| #endif
| #ifdef HAVE_SYS_TYPES_H
| # include <sys/types.h>
| #endif
| #ifdef HAVE_SYS_STAT_H
| # include <sys/stat.h>
| #endif
| #ifdef HAVE_UNISTD_H
| # include <unistd.h>
| #endif
| #include <Eigen/Dense>
configure:4251: result: no
configure:4268: checking HDF5 path
configure:4311: checking for hdf5.h
configure:4311: g++ -c -g -O2  -I/usr/lib/x86_64-linux-gnu/openmpi/include -I/usr/lib/x86_64-linux-gnu/openmpi/include/openmpi -I/usr/include/mpi conftest.cpp >&5
conftest.cpp:64:10: fatal error: hdf5.h: No such file or directory
   64 | #include <hdf5.h>
      |          ^~~~~~~~
compilation terminated.
configure:4311: $? = 1
configure: failed program was:
| /* confdefs.h */
| #define PACKAGE_NAME "CLB"
| #define PACKAGE_TARNAME "clb"
| #define PACKAGE_VERSION "0.01"
| #define PACKAGE_STRING "CLB 0.01"
| #define PACKAGE_BUGREPORT ""
| #define PACKAGE_URL ""
| #define HAVE_STDIO_H 1
| #define HAVE_STDLIB_H 1
| #define HAVE_STRING_H 1
| #define HAVE_INTTYPES_H 1
| #define HAVE_STDINT_H 1
| #define HAVE_STRINGS_H 1
| #define HAVE_SYS_STAT_H 1
| #define HAVE_SYS_TYPES_H 1
| #define HAVE_UNISTD_H 1
| #define STDC_HEADERS 1
| #define HAVE_FLOAT_H 1
| #define HAVE_STDDEF_H 1
| #define HAVE_STDINT_H 1
| #define HAVE_STDLIB_H 1
| #define HAVE_STRING_H 1
| #define HAVE_WCHAR_H 1
| #define HAVE_LIBM 1
| #define HAVE_CXXABI_H 1
| #define HAS_CXXABI_H 1
| #define CALC_DOUBLE_PRECISION 1
| #define CROSS_CPU 1
| #define X_BLOCK 1
| #define WARPSIZE 1
| #define GRID3D 1
| #define HAVE_MPI_H 1
| #define HAVE_LIBMPI 1
| #define WITH_EIGEN 1
| /* end confdefs.h.  */
| #include <stddef.h>
| #ifdef HAVE_STDIO_H
| # include <stdio.h>
| #endif
| #ifdef HAVE_STDLIB_H
| # include <stdlib.h>
| #endif
| #ifdef HAVE_STRING_H
| # include <string.h>
| #endif
| #ifdef HAVE_INTTYPES_H
| # include <inttypes.h>
| #endif
| #ifdef HAVE_STDINT_H
| # include <stdint.h>
| #endif
| #ifdef HAVE_STRINGS_H
| # include <strings.h>
| #endif
| #ifdef HAVE_SYS_TYPES_H
| # include <sys/types.h>
| #endif
| #ifdef HAVE_SYS_STAT_H
| # include <sys/stat.h>
| #endif
| #ifdef HAVE_UNISTD_H
| # include <unistd.h>
| #endif
| #include <hdf5.h>
configure:4311: result: no
configure:4321: checking for H5Pset_fapl_mpio in -lhdf5
configure:4343: g++ -o conftest -g -O2  -I/usr/lib/x86_64-linux-gnu/openmpi/include -I/usr/lib/x86_64-linux-gnu/openmpi/include/openmpi -I/usr/include/mpi  -L/usr/lib/x86_64-linux-gnu/openmpi/lib -lmpi_cxx -lmpi -L/usr/lib/openmpi/lib conftest.cpp -lhdf5  -lmpi -lm  >&5
/usr/bin/ld: cannot find -lhdf5: No such file or directory
collect2: error: ld returned 1 exit status
configure:4343: $? = 1
configure: failed program was:
| /* confdefs.h */
| #define PACKAGE_NAME "CLB"
| #define PACKAGE_TARNAME "clb"
| #define PACKAGE_VERSION "0.01"
| #define PACKAGE_STRING "CLB 0.01"
| #define PACKAGE_BUGREPORT ""
| #define PACKAGE_URL ""
| #define HAVE_STDIO_H 1
| #define HAVE_STDLIB_H 1
| #define HAVE_STRING_H 1
| #define HAVE_INTTYPES_H 1
| #define HAVE_STDINT_H 1
| #define HAVE_STRINGS_H 1
| #define HAVE_SYS_STAT_H 1
| #define HAVE_SYS_TYPES_H 1
| #define HAVE_UNISTD_H 1
| #define STDC_HEADERS 1
| #define HAVE_FLOAT_H 1
| #define HAVE_STDDEF_H 1
| #define HAVE_STDINT_H 1
| #define HAVE_STDLIB_H 1
| #define HAVE_STRING_H 1
| #define HAVE_WCHAR_H 1
| #define HAVE_LIBM 1
| #define HAVE_CXXABI_H 1
| #define HAS_CXXABI_H 1
| #define CALC_DOUBLE_PRECISION 1
| #define CROSS_CPU 1
| #define X_BLOCK 1
| #define WARPSIZE 1
| #define GRID3D 1
| #define HAVE_MPI_H 1
| #define HAVE_LIBMPI 1
| #define WITH_EIGEN 1
| /* end confdefs.h.  */
| 
| namespace conftest {
|   extern "C" int H5Pset_fapl_mpio ();
| }
| int
| main (void)
| {
| return conftest::H5Pset_fapl_mpio ();
|   ;
|   return 0;
| }
configure:4353: result: no
configure:4377: checking METIS path
configure:4424: checking for metis.h
configure:4424: g++ -c -g -O2  -I/usr/lib/x86_64-linux-gnu/openmpi/include -I/usr/lib/x86_64-linux-gnu/openmpi/include/openmpi -I/usr/include/mpi -I/home/lisataldir/local/include conftest.cpp >&5
configure:4424: $? = 0
configure:4424: result: yes
configure:4434: checking for METIS_PartGraphKway in -lmetis
configure:4456: g++ -o conftest -g -O2  -I/usr/lib/x86_64-linux-gnu/openmpi/include -I/usr/lib/x86_64-linux-gnu/openmpi/include/openmpi -I/usr/include/mpi -I/home/lisataldir/local/include  -L/usr/lib/x86_64-linux-gnu/openmpi/lib -lmpi_cxx -lmpi -L/usr/lib/openmpi/lib -L/home/lisataldir/local/lib conftest.cpp -lmetis  -lmpi -lm  >&5
/usr/bin/ld: /home/lisataldir/local/lib/libmetis.a(kmetis.c.o): in function `libmetis__InitKWayPartitioning':
kmetis.c:(.text+0x108): undefined reference to `gk_errexit'
/usr/bin/ld: kmetis.c:(.text+0x11b): undefined reference to `gk_free'
/usr/bin/ld: kmetis.c:(.text+0x1b6): undefined reference to `gk_errexit'
/usr/bin/ld: /home/lisataldir/local/lib/libmetis.a(kmetis.c.o): in function `libmetis__MlevelKWayPartitioning':
kmetis.c:(.text+0x21f): undefined reference to `gk_errexit'
/usr/bin/ld: kmetis.c:(.text+0x381): undefined reference to `gk_CPUSeconds'
/usr/bin/ld: kmetis.c:(.text+0x3a1): undefined reference to `gk_CPUSeconds'
/usr/bin/ld: /home/lisataldir/local/lib/libmetis.a(kmetis.c.o): in function `METIS_PartGraphKway':
kmetis.c:(.text+0x1492): undefined reference to `gk_malloc_init'
/usr/bin/ld: kmetis.c:(.text+0x14a1): undefined reference to `gk_sigtrap'
/usr/bin/ld: kmetis.c:(.text+0x14a9): undefined reference to `gk_cur_jbufs'
/usr/bin/ld: kmetis.c:(.text+0x14bc): undefined reference to `gk_jbufs'
/usr/bin/ld: kmetis.c:(.text+0x14ed): undefined reference to `gk_siguntrap'
/usr/bin/ld: kmetis.c:(.text+0x14f4): undefined reference to `gk_malloc_cleanup'
/usr/bin/ld: kmetis.c:(.text+0x15f3): undefined reference to `gk_log2'
/usr/bin/ld: kmetis.c:(.text+0x16f7): undefined reference to `gk_log2'
/usr/bin/ld: kmetis.c:(.text+0x1725): undefined reference to `gk_CPUSeconds'
/usr/bin/ld: kmetis.c:(.text+0x1751): undefined reference to `gk_CPUSeconds'
/usr/bin/ld: kmetis.c:(.text+0x1783): undefined reference to `gk_siguntrap'
/usr/bin/ld: kmetis.c:(.text+0x17a7): undefined reference to `gk_errexit'
/usr/bin/ld: /home/lisataldir/local/lib/libmetis.a(kwayrefine.c.o): in function `libmetis__AllocateKWayPartitionMemory':
kwayrefine.c:(.text+0xa7): undefined reference to `gk_malloc'
/usr/bin/ld: kwayrefine.c:(.text+0xd3): undefined reference to `gk_malloc'
/usr/bin/ld: /home/lisataldir/local/lib/libmetis.a(kwayrefine.c.o): in function `libmetis__ComputeKWayBoundary':
kwayrefine.c:(.text+0x148): undefined reference to `gk_errexit'
/usr/bin/ld: /home/lisataldir/local/lib/libmetis.a(kwayrefine.c.o): in function `libmetis__ProjectKWayPartition':
kwayrefine.c:(.text+0x137f): undefined reference to `gk_errexit'
/usr/bin/ld: /home/lisataldir/local/lib/libmetis.a(kwayrefine.c.o): in function `libmetis__RefineKWay':
kwayrefine.c:(.text+0x1819): undefined reference to `gk_CPUSeconds'
/usr/bin/ld: kwayrefine.c:(.text+0x1841): undefined reference to `gk_CPUSeconds'
/usr/bin/ld: kwayrefine.c:(.text+0x18c1): undefined reference to `gk_CPUSeconds'
/usr/bin/ld: kwayrefine.c:(.text+0x18e1): undefined reference to `gk_CPUSeconds'
/usr/bin/ld: kwayrefine.c:(.text+0x1a01): undefined reference to `gk_CPUSeconds'
/usr/bin/ld: /home/lisataldir/local/lib/libmetis.a(kwayrefine.c.o):kwayrefine.c:(.text+0x1b61): more undefined references to `gk_CPUSeconds' follow
/usr/bin/ld: /home/lisataldir/local/lib/libmetis.a(kwayrefine.c.o): in function `libmetis__AllocateKWayPartitionMemory':
kwayrefine.c:(.text+0x8d): undefined reference to `gk_errexit'
/usr/bin/ld: /home/lisataldir/local/lib/libmetis.a(kwayrefine.c.o): in function `libmetis__ComputeKWayPartitionParams':
kwayrefine.c:(.text+0xa47): undefined reference to `gk_errexit'
/usr/bin/ld: /home/lisataldir/local/lib/libmetis.a(minconn.c.o): in function `libmetis__ComputeSubDomainGraph':
minconn.c:(.text+0xe9): undefined reference to `gk_errexit'
/usr/bin/ld: /home/lisataldir/local/lib/libmetis.a(minconn.c.o): in function `libmetis__EliminateSubDomainEdges':
minconn.c:(.text+0x1bdc): undefined reference to `gk_errexit'
/usr/bin/ld: /home/lisataldir/local/lib/libmetis.a(minconn.c.o): in function `libmetis__PrintSubDomainGraph':
minconn.c:(.text+0x244d): undefined reference to `gk_free'
/usr/bin/ld: /home/lisataldir/local/lib/libmetis.a(options.c.o): in function `libmetis__FreeCtrl':
options.c:(.text+0xd48): undefined reference to `gk_free'
/usr/bin/ld: /home/lisataldir/local/lib/libmetis.a(options.c.o): in function `libmetis__SetupCtrl':
options.c:(.text+0xdc1): undefined reference to `gk_malloc'
/usr/bin/ld: options.c:(.text+0xe19): undefined reference to `gk_errexit'
/usr/bin/ld: /home/lisataldir/local/lib/libmetis.a(pmetis.c.o): in function `libmetis__SplitGraphPart':
pmetis.c:(.text+0xb19): undefined reference to `gk_CPUSeconds'
/usr/bin/ld: pmetis.c:(.text+0xb3b): undefined reference to `gk_CPUSeconds'
/usr/bin/ld: /home/lisataldir/local/lib/libmetis.a(pmetis.c.o): in function `METIS_PartGraphRecursive':
pmetis.c:(.text+0xf8d): undefined reference to `gk_malloc_init'
/usr/bin/ld: pmetis.c:(.text+0xf9c): undefined reference to `gk_sigtrap'
/usr/bin/ld: pmetis.c:(.text+0xfa4): undefined reference to `gk_cur_jbufs'
/usr/bin/ld: pmetis.c:(.text+0xfb7): undefined reference to `gk_jbufs'
/usr/bin/ld: pmetis.c:(.text+0xfe8): undefined reference to `gk_siguntrap'
/usr/bin/ld: pmetis.c:(.text+0xfef): undefined reference to `gk_malloc_cleanup'
/usr/bin/ld: pmetis.c:(.text+0x1159): undefined reference to `gk_CPUSeconds'
/usr/bin/ld: pmetis.c:(.text+0x1181): undefined reference to `gk_CPUSeconds'
/usr/bin/ld: pmetis.c:(.text+0x11b3): undefined reference to `gk_siguntrap'
/usr/bin/ld: /home/lisataldir/local/lib/libmetis.a(refine.c.o): in function `libmetis__Refine2Way':
refine.c:(.text+0xc47): undefined reference to `gk_CPUSeconds'
/usr/bin/ld: refine.c:(.text+0xcb4): undefined reference to `gk_CPUSeconds'
/usr/bin/ld: refine.c:(.text+0xcd1): undefined reference to `gk_CPUSeconds'
/usr/bin/ld: refine.c:(.text+0xd01): undefined reference to `gk_CPUSeconds'
/usr/bin/ld: refine.c:(.text+0xd21): undefined reference to `gk_CPUSeconds'
/usr/bin/ld: /home/lisataldir/local/lib/libmetis.a(refine.c.o):refine.c:(.text+0xd41): more undefined references to `gk_CPUSeconds' follow
/usr/bin/ld: /home/lisataldir/local/lib/libmetis.a(wspace.c.o): in function `libmetis__AllocateWorkSpace':
wspace.c:(.text+0x33): undefined reference to `gk_mcoreCreate'
/usr/bin/ld: /home/lisataldir/local/lib/libmetis.a(wspace.c.o): in function `libmetis__AllocateRefinementWorkSpace':
wspace.c:(.text+0xde): undefined reference to `gk_errexit'
/usr/bin/ld: wspace.c:(.text+0x1ac): undefined reference to `gk_malloc'
/usr/bin/ld: wspace.c:(.text+0x1d0): undefined reference to `gk_malloc'
/usr/bin/ld: /home/lisataldir/local/lib/libmetis.a(wspace.c.o): in function `libmetis__FreeWorkSpace':
wspace.c:(.text+0x1f9): undefined reference to `gk_mcoreDestroy'
/usr/bin/ld: wspace.c:(.text+0x216): undefined reference to `gk_free'
/usr/bin/ld: /home/lisataldir/local/lib/libmetis.a(wspace.c.o): in function `libmetis__cnbrpoolGetNext':
wspace.c:(.text+0x3c4): undefined reference to `gk_realloc'
/usr/bin/ld: /home/lisataldir/local/lib/libmetis.a(wspace.c.o): in function `libmetis__vnbrpoolGetNext':
wspace.c:(.text+0x487): undefined reference to `gk_realloc'
/usr/bin/ld: /home/lisataldir/local/lib/libmetis.a(wspace.c.o): in function `libmetis__FreeWorkSpace':
wspace.c:(.text+0x2c5): undefined reference to `gk_free'
/usr/bin/ld: /home/lisataldir/local/lib/libmetis.a(wspace.c.o): in function `libmetis__wspacemalloc':
wspace.c:(.text+0x2dc): undefined reference to `gk_mcoreMalloc'
/usr/bin/ld: /home/lisataldir/local/lib/libmetis.a(wspace.c.o): in function `libmetis__wspacepush':
wspace.c:(.text+0x2ec): undefined reference to `gk_mcorePush'
/usr/bin/ld: /home/lisataldir/local/lib/libmetis.a(wspace.c.o): in function `libmetis__wspacepop':
wspace.c:(.text+0x2fc): undefined reference to `gk_mcorePop'
/usr/bin/ld: /home/lisataldir/local/lib/libmetis.a(coarsen.c.o): in function `libmetis__Match_2HopAny':
coarsen.c:(.text+0x349): undefined reference to `gk_CPUSeconds'
/usr/bin/ld: coarsen.c:(.text+0x369): undefined reference to `gk_CPUSeconds'
/usr/bin/ld: /home/lisataldir/local/lib/libmetis.a(coarsen.c.o): in function `libmetis__Match_2HopAll':
coarsen.c:(.text+0x708): undefined reference to `gk_CPUSeconds'
/usr/bin/ld: coarsen.c:(.text+0x724): undefined reference to `gk_CPUSeconds'
/usr/bin/ld: /home/lisataldir/local/lib/libmetis.a(coarsen.c.o): in function `libmetis__CreateCoarseGraph':
coarsen.c:(.text+0x194a): undefined reference to `gk_CPUSeconds'
/usr/bin/ld: /home/lisataldir/local/lib/libmetis.a(coarsen.c.o):coarsen.c:(.text+0x196d): more undefined references to `gk_CPUSeconds' follow
/usr/bin/ld: /home/lisataldir/local/lib/libmetis.a(coarsen.c.o): in function `libmetis__CoarsenGraph':
coarsen.c:(.text+0x29cb): undefined reference to `gk_errexit'
/usr/bin/ld: coarsen.c:(.text+0x2ae1): undefined reference to `gk_CPUSeconds'
/usr/bin/ld: coarsen.c:(.text+0x2b01): undefined reference to `gk_CPUSeconds'
/usr/bin/ld: /home/lisataldir/local/lib/libmetis.a(coarsen.c.o): in function `CoarsenGraphNlevels':
coarsen.c:(.text+0x2c1b): undefined reference to `gk_errexit'
/usr/bin/ld: coarsen.c:(.text+0x2d41): undefined reference to `gk_CPUSeconds'
/usr/bin/ld: coarsen.c:(.text+0x2d61): undefined reference to `gk_CPUSeconds'
/usr/bin/ld: /home/lisataldir/local/lib/libmetis.a(coarsen.c.o): in function `libmetis__Match_JC':
coarsen.c:(.text+0x3261): undefined reference to `gk_CPUSeconds'
/usr/bin/ld: coarsen.c:(.text+0x328e): undefined reference to `gk_CPUSeconds'
/usr/bin/ld: /home/lisataldir/local/lib/libmetis.a(contig.c.o): in function `libmetis__FindPartitionInducedComponents':
contig.c:(.text+0x214): undefined reference to `gk_free'
/usr/bin/ld: contig.c:(.text+0x24d): undefined reference to `gk_free'
/usr/bin/ld: contig.c:(.text+0x263): undefined reference to `gk_free'
/usr/bin/ld: /home/lisataldir/local/lib/libmetis.a(contig.c.o): in function `libmetis__IsConnectedSubdomain':
contig.c:(.text+0x965): undefined reference to `gk_free'
/usr/bin/ld: /home/lisataldir/local/lib/libmetis.a(contig.c.o): in function `libmetis__FindSepInducedComponents':
contig.c:(.text+0xdab): undefined reference to `gk_free'
/usr/bin/ld: /home/lisataldir/local/lib/libmetis.a(contig.c.o): in function `libmetis__EliminateComponents':
contig.c:(.text+0x202c): undefined reference to `gk_errexit'
/usr/bin/ld: /home/lisataldir/local/lib/libmetis.a(debug.c.o): in function `libmetis__ComputeVolume':
debug.c:(.text+0x4e8): undefined reference to `gk_free'
/usr/bin/ld: /home/lisataldir/local/lib/libmetis.a(debug.c.o): in function `libmetis__ComputeMaxCut':
debug.c:(.text+0x632): undefined reference to `gk_free'
/usr/bin/ld: /home/lisataldir/local/lib/libmetis.a(gklib.c.o): in function `libmetis__ismalloc':
gklib.c:(.text+0x1069): undefined reference to `gk_malloc'
/usr/bin/ld: /home/lisataldir/local/lib/libmetis.a(gklib.c.o): in function `libmetis__iAllocMatrix':
gklib.c:(.text+0x10e6): undefined reference to `gk_malloc'
/usr/bin/ld: gklib.c:(.text+0x113c): undefined reference to `gk_free'
/usr/bin/ld: /home/lisataldir/local/lib/libmetis.a(gklib.c.o): in function `libmetis__iFreeMatrix':
gklib.c:(.text+0x1193): undefined reference to `gk_free'
/usr/bin/ld: /home/lisataldir/local/lib/libmetis.a(gklib.c.o): in function `libmetis__rsmalloc':
gklib.c:(.text+0x1317): undefined reference to `gk_malloc'
/usr/bin/ld: /home/lisataldir/local/lib/libmetis.a(gklib.c.o): in function `libmetis__rAllocMatrix':
gklib.c:(.text+0x1398): undefined reference to `gk_malloc'
/usr/bin/ld: gklib.c:(.text+0x13ec): undefined reference to `gk_free'
/usr/bin/ld: /home/lisataldir/local/lib/libmetis.a(gklib.c.o): in function `libmetis__rFreeMatrix':
gklib.c:(.text+0x1443): undefined reference to `gk_free'
/usr/bin/ld: /home/lisataldir/local/lib/libmetis.a(gklib.c.o): in function `libmetis__ikvsmalloc':
gklib.c:(.text+0x1529): undefined reference to `gk_malloc'
/usr/bin/ld: /home/lisataldir/local/lib/libmetis.a(gklib.c.o): in function `libmetis__ikvAllocMatrix':
gklib.c:(.text+0x15a6): undefined reference to `gk_malloc'
/usr/bin/ld: gklib.c:(.text+0x15fc): undefined reference to `gk_free'
/usr/bin/ld: /home/lisataldir/local/lib/libmetis.a(gklib.c.o): in function `libmetis__ikvFreeMatrix':
gklib.c:(.text+0x1653): undefined reference to `gk_free'
/usr/bin/ld: /home/lisataldir/local/lib/libmetis.a(gklib.c.o): in function `libmetis__rkvsmalloc':
gklib.c:(.text+0x1739): undefined reference to `gk_malloc'
/usr/bin/ld: /home/lisataldir/local/lib/libmetis.a(gklib.c.o): in function `libmetis__rkvAllocMatrix':
gklib.c:(.text+0x17b6): undefined reference to `gk_malloc'
/usr/bin/ld: gklib.c:(.text+0x180c): undefined reference to `gk_free'
/usr/bin/ld: /home/lisataldir/local/lib/libmetis.a(gklib.c.o): in function `libmetis__rkvFreeMatrix':
gklib.c:(.text+0x1863): undefined reference to `gk_free'
/usr/bin/ld: /home/lisataldir/local/lib/libmetis.a(gklib.c.o): in function `libmetis__ipqInit':
gklib.c:(.text+0x1920): undefined reference to `gk_idxsmalloc'
/usr/bin/ld: /home/lisataldir/local/lib/libmetis.a(gklib.c.o): in function `libmetis__ipqCreate':
gklib.c:(.text+0x194b): undefined reference to `gk_malloc'
/usr/bin/ld: /home/lisataldir/local/lib/libmetis.a(gklib.c.o): in function `libmetis__ipqFree':
gklib.c:(.text+0x19ca): undefined reference to `gk_free'
/usr/bin/ld: /home/lisataldir/local/lib/libmetis.a(gklib.c.o): in function `libmetis__ipqDestroy':
gklib.c:(.text+0x1a11): undefined reference to `gk_free'
/usr/bin/ld: /home/lisataldir/local/lib/libmetis.a(gklib.c.o): in function `libmetis__rpqInit':
gklib.c:(.text+0x1f00): undefined reference to `gk_idxsmalloc'
/usr/bin/ld: /home/lisataldir/local/lib/libmetis.a(gklib.c.o): in function `libmetis__rpqCreate':
gklib.c:(.text+0x1f2b): undefined reference to `gk_malloc'
/usr/bin/ld: /home/lisataldir/local/lib/libmetis.a(gklib.c.o): in function `libmetis__rpqFree':
gklib.c:(.text+0x1faa): undefined reference to `gk_free'
/usr/bin/ld: /home/lisataldir/local/lib/libmetis.a(gklib.c.o): in function `libmetis__rpqDestroy':
gklib.c:(.text+0x1ff1): undefined reference to `gk_free'
/usr/bin/ld: /home/lisataldir/local/lib/libmetis.a(gklib.c.o): in function `libmetis__iargmax_n':
gklib.c:(.text+0x3a88): undefined reference to `gk_free'
/usr/bin/ld: /home/lisataldir/local/lib/libmetis.a(gklib.c.o): in function `libmetis__rargmax_n':
gklib.c:(.text+0x3e84): undefined reference to `gk_free'
/usr/bin/ld: /home/lisataldir/local/lib/libmetis.a(gklib.c.o): in function `libmetis__imalloc':
gklib.c:(.text+0xf69): undefined reference to `gk_malloc'
/usr/bin/ld: /home/lisataldir/local/lib/libmetis.a(gklib.c.o): in function `libmetis__irealloc':
gklib.c:(.text+0xf79): undefined reference to `gk_realloc'
/usr/bin/ld: /home/lisataldir/local/lib/libmetis.a(gklib.c.o): in function `libmetis__iFreeMatrix':
gklib.c:(.text+0x11b2): undefined reference to `gk_free'
/usr/bin/ld: /home/lisataldir/local/lib/libmetis.a(gklib.c.o): in function `libmetis__rmalloc':
gklib.c:(.text+0x1219): undefined reference to `gk_malloc'
/usr/bin/ld: /home/lisataldir/local/lib/libmetis.a(gklib.c.o): in function `libmetis__rrealloc':
gklib.c:(.text+0x1229): undefined reference to `gk_realloc'
/usr/bin/ld: /home/lisataldir/local/lib/libmetis.a(gklib.c.o): in function `libmetis__rFreeMatrix':
gklib.c:(.text+0x1462): undefined reference to `gk_free'
/usr/bin/ld: /home/lisataldir/local/lib/libmetis.a(gklib.c.o): in function `libmetis__ikvmalloc':
gklib.c:(.text+0x14c9): undefined reference to `gk_malloc'
/usr/bin/ld: /home/lisataldir/local/lib/libmetis.a(gklib.c.o): in function `libmetis__ikvrealloc':
gklib.c:(.text+0x14d9): undefined reference to `gk_realloc'
/usr/bin/ld: /home/lisataldir/local/lib/libmetis.a(gklib.c.o): in function `libmetis__ikvFreeMatrix':
gklib.c:(.text+0x1672): undefined reference to `gk_free'
/usr/bin/ld: /home/lisataldir/local/lib/libmetis.a(gklib.c.o): in function `libmetis__rkvmalloc':
gklib.c:(.text+0x16d9): undefined reference to `gk_malloc'
/usr/bin/ld: /home/lisataldir/local/lib/libmetis.a(gklib.c.o): in function `libmetis__rkvrealloc':
gklib.c:(.text+0x16e9): undefined reference to `gk_realloc'
/usr/bin/ld: /home/lisataldir/local/lib/libmetis.a(gklib.c.o): in function `libmetis__rkvFreeMatrix':
gklib.c:(.text+0x1882): undefined reference to `gk_free'
/usr/bin/ld: /home/lisataldir/local/lib/libmetis.a(gklib.c.o): in function `libmetis__isrand':
gklib.c:(.text+0x24e8): undefined reference to `gk_randinit'
/usr/bin/ld: /home/lisataldir/local/lib/libmetis.a(gklib.c.o): in function `libmetis__irand':
gklib.c:(.text+0x24f5): undefined reference to `gk_randint32'
/usr/bin/ld: /home/lisataldir/local/lib/libmetis.a(graph.c.o): in function `libmetis__CreateGraph':
graph.c:(.text+0x1f3): undefined reference to `gk_malloc'
/usr/bin/ld: /home/lisataldir/local/lib/libmetis.a(graph.c.o): in function `libmetis__FreeSData':
graph.c:(.text+0x619): undefined reference to `gk_free'
/usr/bin/ld: graph.c:(.text+0x62d): undefined reference to `gk_free'
/usr/bin/ld: graph.c:(.text+0x641): undefined reference to `gk_free'
/usr/bin/ld: graph.c:(.text+0x655): undefined reference to `gk_free'
/usr/bin/ld: /home/lisataldir/local/lib/libmetis.a(graph.c.o): in function `libmetis__FreeRData':
graph.c:(.text+0x6cf): undefined reference to `gk_free'
/usr/bin/ld: /home/lisataldir/local/lib/libmetis.a(graph.c.o):graph.c:(.text+0x73e): more undefined references to `gk_free' follow
/usr/bin/ld: /home/lisataldir/local/lib/libmetis.a(graph.c.o): in function `libmetis__graph_WriteToDisk':
graph.c:(.text+0x80d): undefined reference to `gk_rmpath'
/usr/bin/ld: graph.c:(.text+0x982): undefined reference to `gk_rmpath'
/usr/bin/ld: graph.c:(.text+0xa49): undefined reference to `gk_free'
/usr/bin/ld: graph.c:(.text+0xa61): undefined reference to `gk_free'
/usr/bin/ld: graph.c:(.text+0xa79): undefined reference to `gk_free'
/usr/bin/ld: graph.c:(.text+0xa91): undefined reference to `gk_free'
/usr/bin/ld: graph.c:(.text+0xaa9): undefined reference to `gk_free'
/usr/bin/ld: /home/lisataldir/local/lib/libmetis.a(graph.c.o): in function `libmetis__graph_ReadFromDisk':
graph.c:(.text+0xbdb): undefined reference to `gk_rmpath'
/usr/bin/ld: graph.c:(.text+0xc3c): undefined reference to `gk_rmpath'
/usr/bin/ld: graph.c:(.text+0xc5c): undefined reference to `gk_errexit'
/usr/bin/ld: /home/lisataldir/local/lib/libmetis.a(graph.c.o): in function `libmetis__FreeSData':
graph.c:(.text+0x66a): undefined reference to `gk_free'
/usr/bin/ld: /home/lisataldir/local/lib/libmetis.a(initpart.c.o): in function `libmetis__Init2WayPartition':
initpart.c:(.text+0xb0e): undefined reference to `gk_CPUSeconds'
/usr/bin/ld: initpart.c:(.text+0xb42): undefined reference to `gk_errexit'
/usr/bin/ld: initpart.c:(.text+0xb59): undefined reference to `gk_CPUSeconds'
/usr/bin/ld: /home/lisataldir/local/lib/libmetis.a(initpart.c.o): in function `libmetis__GrowBisectionNode':
initpart.c:(.text+0xd23): undefined reference to `gk_malloc'
/usr/bin/ld: /home/lisataldir/local/lib/libmetis.a(initpart.c.o): in function `libmetis__InitSeparator':
initpart.c:(.text+0x110c): undefined reference to `gk_errexit'
/usr/bin/ld: initpart.c:(.text+0x1197): undefined reference to `gk_CPUSeconds'
/usr/bin/ld: initpart.c:(.text+0x11d1): undefined reference to `gk_CPUSeconds'
/usr/bin/ld: /home/lisataldir/local/lib/libmetis.a(initpart.c.o): in function `GrowBisectionNode2':
initpart.c:(.text+0x12c5): undefined reference to `gk_malloc'
/usr/bin/ld: /home/lisataldir/local/lib/libmetis.a(kwayfm.c.o): in function `libmetis__Greedy_KWayOptimize':
kwayfm.c:(.text+0x7315): undefined reference to `gk_errexit'
/usr/bin/ld: /home/lisataldir/local/lib/libmetis.a(sfm.c.o): in function `libmetis__FM_2WayNodeRefine1Sided':
sfm.c:(.text+0x18f6): undefined reference to `gk_CPUSeconds'
/usr/bin/ld: sfm.c:(.text+0x191d): undefined reference to `gk_CPUSeconds'
/usr/bin/ld: sfm.c:(.text+0x1967): undefined reference to `gk_CPUSeconds'
/usr/bin/ld: sfm.c:(.text+0x198b): undefined reference to `gk_CPUSeconds'
/usr/bin/ld: sfm.c:(.text+0x19cd): undefined reference to `gk_CPUSeconds'
/usr/bin/ld: /home/lisataldir/local/lib/libmetis.a(sfm.c.o):sfm.c:(.text+0x1a4d): more undefined references to `gk_CPUSeconds' follow
/usr/bin/ld: /home/lisataldir/local/lib/libmetis.a(srefine.c.o): in function `libmetis__Allocate2WayNodePartitionMemory':
srefine.c:(.text+0x77): undefined reference to `gk_malloc'
/usr/bin/ld: /home/lisataldir/local/lib/libmetis.a(srefine.c.o): in function `libmetis__Refine2WayNode':
srefine.c:(.text+0x2b3): undefined reference to `gk_errexit'
/usr/bin/ld: srefine.c:(.text+0x31c): undefined reference to `gk_CPUSeconds'
/usr/bin/ld: srefine.c:(.text+0x369): undefined reference to `gk_CPUSeconds'
/usr/bin/ld: srefine.c:(.text+0x388): undefined reference to `gk_CPUSeconds'
/usr/bin/ld: srefine.c:(.text+0x3a9): undefined reference to `gk_CPUSeconds'
/usr/bin/ld: srefine.c:(.text+0x3d1): undefined reference to `gk_CPUSeconds'
/usr/bin/ld: /home/lisataldir/local/lib/libmetis.a(srefine.c.o):srefine.c:(.text+0x40f): more undefined references to `gk_CPUSeconds' follow
/usr/bin/ld: /home/lisataldir/local/lib/libmetis.a(mincover.c.o): in function `libmetis__MinCover_Decompose':
mincover.c:(.text+0x4ea): undefined reference to `gk_free'
/usr/bin/ld: /home/lisataldir/local/lib/libmetis.a(mincover.c.o): in function `libmetis__MinCover':
mincover.c:(.text+0x936): undefined reference to `gk_free'
collect2: error: ld returned 1 exit status
configure:4456: $? = 1
configure: failed program was:
| /* confdefs.h */
| #define PACKAGE_NAME "CLB"
| #define PACKAGE_TARNAME "clb"
| #define PACKAGE_VERSION "0.01"
| #define PACKAGE_STRING "CLB 0.01"
| #define PACKAGE_BUGREPORT ""
| #define PACKAGE_URL ""
| #define HAVE_STDIO_H 1
| #define HAVE_STDLIB_H 1
| #define HAVE_STRING_H 1
| #define HAVE_INTTYPES_H 1
| #define HAVE_STDINT_H 1
| #define HAVE_STRINGS_H 1
| #define HAVE_SYS_STAT_H 1
| #define HAVE_SYS_TYPES_H 1
| #define HAVE_UNISTD_H 1
| #define STDC_HEADERS 1
| #define HAVE_FLOAT_H 1
| #define HAVE_STDDEF_H 1
| #define HAVE_STDINT_H 1
| #define HAVE_STDLIB_H 1
| #define HAVE_STRING_H 1
| #define HAVE_WCHAR_H 1
| #define HAVE_LIBM 1
| #define HAVE_CXXABI_H 1
| #define HAS_CXXABI_H 1
| #define CALC_DOUBLE_PRECISION 1
| #define CROSS_CPU 1
| #define X_BLOCK 1
| #define WARPSIZE 1
| #define GRID3D 1
| #define HAVE_MPI_H 1
| #define HAVE_LIBMPI 1
| #define WITH_EIGEN 1
| #define HAVE_METIS_H 1
| /* end confdefs.h.  */
| 
| namespace conftest {
|   extern "C" int METIS_PartGraphKway ();
| }
| int
| main (void)
| {
| return conftest::METIS_PartGraphKway ();
|   ;
|   return 0;
| }
configure:4466: result: no
configure:4480: checking ParMETIS path
configure:4526: checking for parmetis.h
configure:4526: g++ -c -g -O2  -I/usr/lib/x86_64-linux-gnu/openmpi/include -I/usr/lib/x86_64-linux-gnu/openmpi/include/openmpi -I/usr/include/mpi -I/home/lisataldir/local/include conftest.cpp >&5
configure:4526: $? = 0
configure:4526: result: yes
configure:4536: checking for ParMETIS_V3_PartGeomKway in -lparmetis
configure:4558: g++ -o conftest -g -O2  -I/usr/lib/x86_64-linux-gnu/openmpi/include -I/usr/lib/x86_64-linux-gnu/openmpi/include/openmpi -I/usr/include/mpi -I/home/lisataldir/local/include  -L/usr/lib/x86_64-linux-gnu/openmpi/lib -lmpi_cxx -lmpi -L/usr/lib/openmpi/lib -L/home/lisataldir/local/lib conftest.cpp -lparmetis -lmetis -lmpi -lm  >&5
/usr/bin/ld: /home/lisataldir/local/lib/libparmetis.a(match.c.o): in function `libparmetis__CreateCoarseGraph_Global':
match.c:(.text+0x5b): undefined reference to `gk_mcorePush'
/usr/bin/ld: match.c:(.text+0xbb3): undefined reference to `gk_mcorePush'
/usr/bin/ld: match.c:(.text+0x10cf): undefined reference to `gk_mcorePop'
/usr/bin/ld: match.c:(.text+0x1472): undefined reference to `gk_free'
/usr/bin/ld: match.c:(.text+0x1a7f): undefined reference to `gk_free'
/usr/bin/ld: match.c:(.text+0x1b6a): undefined reference to `gk_mcorePop'
/usr/bin/ld: match.c:(.text+0x1b81): undefined reference to `gk_free'
/usr/bin/ld: match.c:(.text+0x205e): undefined reference to `gk_free'
/usr/bin/ld: match.c:(.text+0x20ed): undefined reference to `gk_mcorePush'
/usr/bin/ld: /home/lisataldir/local/lib/libparmetis.a(match.c.o): in function `libparmetis__CreateCoarseGraph_Local':
match.c:(.text+0x22f1): undefined reference to `gk_mcorePush'
/usr/bin/ld: match.c:(.text+0x2fbd): undefined reference to `gk_mcorePop'
/usr/bin/ld: match.c:(.text+0x2fd4): undefined reference to `gk_free'
/usr/bin/ld: /home/lisataldir/local/lib/libparmetis.a(match.c.o): in function `libparmetis__Match_Local':
match.c:(.text+0x3123): undefined reference to `gk_mcorePush'
/usr/bin/ld: match.c:(.text+0x3372): undefined reference to `gk_mcorePop'
/usr/bin/ld: /home/lisataldir/local/lib/libparmetis.a(match.c.o): in function `DropEdges':
match.c:(.text+0x3751): undefined reference to `gk_mcorePush'
/usr/bin/ld: match.c:(.text+0x3c30): undefined reference to `gk_free'
/usr/bin/ld: /home/lisataldir/local/lib/libparmetis.a(match.c.o): in function `Match_Global0':
match.c:(.text+0x3dfd): undefined reference to `gk_mcorePush'
/usr/bin/ld: match.c:(.text+0x4ab8): undefined reference to `gk_mcorePop'
/usr/bin/ld: /home/lisataldir/local/lib/libparmetis.a(match.c.o): in function `libparmetis__Match_Global':
match.c:(.text+0x509d): undefined reference to `gk_mcorePush'
/usr/bin/ld: match.c:(.text+0x5d68): undefined reference to `gk_mcorePop'
/usr/bin/ld: match.c:(.text+0x6080): undefined reference to `gk_mcorePush'
/usr/bin/ld: match.c:(.text+0x6462): undefined reference to `gk_mcorePop'
/usr/bin/ld: /home/lisataldir/local/lib/libparmetis.a(match.c.o): in function `DropEdges':
match.c:(.text+0x3c57): undefined reference to `gk_mcorePop'
/usr/bin/ld: /home/lisataldir/local/lib/libparmetis.a(comm.c.o): in function `libparmetis__CommUpdateNnbrs':
comm.c:(.text+0x3a): undefined reference to `gk_realloc'
/usr/bin/ld: comm.c:(.text+0x57): undefined reference to `gk_realloc'
/usr/bin/ld: comm.c:(.text+0x7a): undefined reference to `gk_realloc'
/usr/bin/ld: /home/lisataldir/local/lib/libparmetis.a(comm.c.o): in function `libparmetis__CommSetup':
comm.c:(.text+0x15c): undefined reference to `gk_mcorePush'
/usr/bin/ld: comm.c:(.text+0x89e): undefined reference to `gk_mcorePop'
/usr/bin/ld: comm.c:(.text+0x8aa): undefined reference to `gk_mcorePush'
/usr/bin/ld: comm.c:(.text+0xd92): undefined reference to `gk_mcorePop'
/usr/bin/ld: comm.c:(.text+0x111b): undefined reference to `gk_mcorePop'
/usr/bin/ld: comm.c:(.text+0x1127): undefined reference to `gk_mcorePush'
/usr/bin/ld: comm.c:(.text+0x1223): undefined reference to `gk_mcorePop'
/usr/bin/ld: /home/lisataldir/local/lib/libparmetis.a(comm.c.o): in function `libparmetis__CommInterfaceData':
comm.c:(.text+0x133a): undefined reference to `gk_mcorePush'
/usr/bin/ld: /home/lisataldir/local/lib/libparmetis.a(comm.c.o): in function `libparmetis__CommChangedInterfaceData':
comm.c:(.text+0x17de): undefined reference to `gk_mcorePush'
/usr/bin/ld: comm.c:(.text+0x190c): undefined reference to `gk_mcorePop'
/usr/bin/ld: comm.c:(.text+0x191e): undefined reference to `gk_mcorePop'
/usr/bin/ld: /home/lisataldir/local/lib/libparmetis.a(comm.c.o): in function `libparmetis__CommInterfaceData':
comm.c:(.text+0x150f): undefined reference to `gk_mcorePop'
/usr/bin/ld: /home/lisataldir/local/lib/libparmetis.a(gkmetis.c.o): in function `ParMETIS_V3_PartGeomKway':
gkmetis.c:(.text+0x106): undefined reference to `gk_malloc_init'
/usr/bin/ld: gkmetis.c:(.text+0x10d): undefined reference to `gk_GetCurMemoryUsed'
/usr/bin/ld: gkmetis.c:(.text+0x1ba): undefined reference to `gk_free'
/usr/bin/ld: gkmetis.c:(.text+0x315): undefined reference to `gk_GetCurMemoryUsed'
/usr/bin/ld: gkmetis.c:(.text+0x326): undefined reference to `gk_GetCurMemoryUsed'
/usr/bin/ld: gkmetis.c:(.text+0x346): undefined reference to `gk_malloc_cleanup'
/usr/bin/ld: /home/lisataldir/local/lib/libparmetis.a(gkmetis.c.o): in function `ParMETIS_V3_PartGeom':
gkmetis.c:(.text+0x844): undefined reference to `gk_malloc_init'
/usr/bin/ld: gkmetis.c:(.text+0x84b): undefined reference to `gk_GetCurMemoryUsed'
/usr/bin/ld: gkmetis.c:(.text+0x9aa): undefined reference to `gk_free'
/usr/bin/ld: gkmetis.c:(.text+0x9c3): undefined reference to `gk_GetCurMemoryUsed'
/usr/bin/ld: gkmetis.c:(.text+0x9cf): undefined reference to `gk_GetCurMemoryUsed'
/usr/bin/ld: gkmetis.c:(.text+0x9ef): undefined reference to `gk_malloc_cleanup'
/usr/bin/ld: /home/lisataldir/local/lib/libparmetis.a(graph.c.o): in function `libparmetis__CreateGraph':
graph.c:(.text+0x2d3): undefined reference to `gk_malloc'
/usr/bin/ld: /home/lisataldir/local/lib/libparmetis.a(graph.c.o): in function `libparmetis__FreeNonGraphFields':
graph.c:(.text+0x616): undefined reference to `gk_free'
/usr/bin/ld: /home/lisataldir/local/lib/libparmetis.a(graph.c.o): in function `libparmetis__FreeGraph':
graph.c:(.text+0x669): undefined reference to `gk_free'
/usr/bin/ld: graph.c:(.text+0x685): undefined reference to `gk_free'
/usr/bin/ld: /home/lisataldir/local/lib/libparmetis.a(graph.c.o): in function `libparmetis__FreeNonGraphNonSetupFields':
graph.c:(.text+0x704): undefined reference to `gk_free'
/usr/bin/ld: /home/lisataldir/local/lib/libparmetis.a(graph.c.o): in function `FreeCommSetupFields':
graph.c:(.text+0x76a): undefined reference to `gk_free'
/usr/bin/ld: /home/lisataldir/local/lib/libparmetis.a(graph.c.o):graph.c:(.text+0x7f7): more undefined references to `gk_free' follow
/usr/bin/ld: /home/lisataldir/local/lib/libparmetis.a(graph.c.o): in function `graph_WriteToDisk':
graph.c:(.text+0x92a): undefined reference to `gk_rmpath'
/usr/bin/ld: graph.c:(.text+0x9ef): undefined reference to `gk_rmpath'
/usr/bin/ld: graph.c:(.text+0xad8): undefined reference to `gk_free'
/usr/bin/ld: graph.c:(.text+0xafa): undefined reference to `gk_free'
/usr/bin/ld: graph.c:(.text+0xb49): undefined reference to `gk_free'
/usr/bin/ld: graph.c:(.text+0xb59): undefined reference to `gk_free'
/usr/bin/ld: graph.c:(.text+0xb69): undefined reference to `gk_free'
/usr/bin/ld: /home/lisataldir/local/lib/libparmetis.a(graph.c.o):graph.c:(.text+0xb81): more undefined references to `gk_free' follow
/usr/bin/ld: /home/lisataldir/local/lib/libparmetis.a(graph.c.o): in function `graph_ReadFromDisk':
graph.c:(.text+0xdbc): undefined reference to `gk_rmpath'
/usr/bin/ld: graph.c:(.text+0xddd): undefined reference to `gk_errexit'
/usr/bin/ld: graph.c:(.text+0xf06): undefined reference to `gk_rmpath'
/usr/bin/ld: /home/lisataldir/local/lib/libparmetis.a(kmetis.c.o): in function `libparmetis__Global_Partition.localalias':
kmetis.c:(.text+0x20): undefined reference to `gk_mcorePush'
/usr/bin/ld: kmetis.c:(.text+0x1df): undefined reference to `gk_free'
/usr/bin/ld: kmetis.c:(.text+0x2f2): undefined reference to `gk_free'
/usr/bin/ld: /home/lisataldir/local/lib/libparmetis.a(kmetis.c.o): in function `ParMETIS_V3_PartKway':
kmetis.c:(.text+0x6d4): undefined reference to `gk_malloc_init'
/usr/bin/ld: kmetis.c:(.text+0x6db): undefined reference to `gk_GetCurMemoryUsed'
/usr/bin/ld: kmetis.c:(.text+0x855): undefined reference to `gk_GetCurMemoryUsed'
/usr/bin/ld: kmetis.c:(.text+0x866): undefined reference to `gk_GetCurMemoryUsed'
/usr/bin/ld: kmetis.c:(.text+0x886): undefined reference to `gk_malloc_cleanup'
/usr/bin/ld: /home/lisataldir/local/lib/libparmetis.a(kmetis.c.o): in function `libparmetis__Global_Partition.localalias':
kmetis.c:(.text+0x24a): undefined reference to `gk_mcorePop'
/usr/bin/ld: /home/lisataldir/local/lib/libparmetis.a(kwayrefine.c.o): in function `libparmetis__ProjectPartition':
kwayrefine.c:(.text+0x20): undefined reference to `gk_mcorePush'
/usr/bin/ld: kwayrefine.c:(.text+0x129): undefined reference to `gk_mcorePop'
/usr/bin/ld: /home/lisataldir/local/lib/libparmetis.a(kwayrefine.c.o): in function `libparmetis__ComputePartitionParams':
kwayrefine.c:(.text+0x4e8): undefined reference to `gk_malloc'
/usr/bin/ld: /home/lisataldir/local/lib/libparmetis.a(kwayrefine.c.o): in function `libparmetis__KWayFM':
kwayrefine.c:(.text+0x881): undefined reference to `gk_mcorePush'
/usr/bin/ld: kwayrefine.c:(.text+0x1e0f): undefined reference to `gk_mcorePop'
/usr/bin/ld: /home/lisataldir/local/lib/libparmetis.a(kwayrefine.c.o): in function `libparmetis__KWayBalance':
kwayrefine.c:(.text+0x2b51): undefined reference to `gk_mcorePush'
/usr/bin/ld: kwayrefine.c:(.text+0x4584): undefined reference to `gk_mcorePop'
/usr/bin/ld: /home/lisataldir/local/lib/libparmetis.a(move.c.o): in function `libparmetis__MoveGraph':
move.c:(.text+0x40): undefined reference to `gk_mcorePush'
/usr/bin/ld: move.c:(.text+0x6ac): undefined reference to `gk_mcorePush'
/usr/bin/ld: move.c:(.text+0xa89): undefined reference to `gk_mcorePop'
/usr/bin/ld: move.c:(.text+0xde1): undefined reference to `gk_mcorePop'
/usr/bin/ld: move.c:(.text+0xff6): undefined reference to `gk_mcorePush'
/usr/bin/ld: /home/lisataldir/local/lib/libparmetis.a(move.c.o): in function `libparmetis__ProjectInfoBack':
move.c:(.text+0x10aa): undefined reference to `gk_mcorePush'
/usr/bin/ld: /home/lisataldir/local/lib/libparmetis.a(move.c.o): in function `libparmetis__FindVtxPerm':
move.c:(.text+0x143c): undefined reference to `gk_mcorePush'
/usr/bin/ld: /home/lisataldir/local/lib/libparmetis.a(move.c.o): in function `libparmetis__ProjectInfoBack':
move.c:(.text+0x13ae): undefined reference to `gk_mcorePop'
/usr/bin/ld: /home/lisataldir/local/lib/libparmetis.a(move.c.o): in function `libparmetis__FindVtxPerm':
move.c:(.text+0x1701): undefined reference to `gk_mcorePop'
/usr/bin/ld: /home/lisataldir/local/lib/libparmetis.a(remap.c.o): in function `libparmetis__ParallelTotalVReMap':
remap.c:(.text+0xe0): undefined reference to `gk_mcorePush'
/usr/bin/ld: remap.c:(.text+0x369): undefined reference to `gk_mcorePop'
/usr/bin/ld: /home/lisataldir/local/lib/libparmetis.a(remap.c.o): in function `libparmetis__ParallelReMapGraph':
remap.c:(.text+0x768): undefined reference to `gk_mcorePush'
/usr/bin/ld: remap.c:(.text+0x82b): undefined reference to `gk_mcorePop'
/usr/bin/ld: /home/lisataldir/local/lib/libparmetis.a(stat.c.o): in function `libparmetis__ComputeSerialBalance':
stat.c:(.text+0x183): undefined reference to `gk_free'
/usr/bin/ld: /home/lisataldir/local/lib/libparmetis.a(stat.c.o): in function `libparmetis__ComputeParallelBalance':
stat.c:(.text+0x1ea): undefined reference to `gk_mcorePush'
/usr/bin/ld: /home/lisataldir/local/lib/libparmetis.a(stat.c.o): in function `libparmetis__ComputeMoveStatistics':
stat.c:(.text+0x861): undefined reference to `gk_free'
/usr/bin/ld: /home/lisataldir/local/lib/libparmetis.a(stat.c.o): in function `libparmetis__ComputeParallelBalance':
stat.c:(.text+0x414): undefined reference to `gk_mcorePop'
/usr/bin/ld: /home/lisataldir/local/lib/libparmetis.a(util.c.o): in function `libparmetis__BSearch':
util.c:(.text+0x28e): undefined reference to `errexit'
/usr/bin/ld: /home/lisataldir/local/lib/libparmetis.a(weird.c.o): in function `libparmetis__PartitionSmallGraph':
weird.c:(.text+0x1b82): undefined reference to `gk_mcorePush'
/usr/bin/ld: weird.c:(.text+0x1e41): undefined reference to `gk_mcorePop'
/usr/bin/ld: /home/lisataldir/local/lib/libparmetis.a(wspace.c.o): in function `libparmetis__AllocateWSpace':
wspace.c:(.text+0x11): undefined reference to `gk_mcoreCreate'
/usr/bin/ld: /home/lisataldir/local/lib/libparmetis.a(wspace.c.o): in function `libparmetis__AllocateRefinementWorkSpace':
wspace.c:(.text+0x58): undefined reference to `gk_malloc'
/usr/bin/ld: /home/lisataldir/local/lib/libparmetis.a(wspace.c.o): in function `libparmetis__FreeWSpace':
wspace.c:(.text+0x89): undefined reference to `gk_mcoreDestroy'
/usr/bin/ld: wspace.c:(.text+0x9f): undefined reference to `gk_free'
/usr/bin/ld: /home/lisataldir/local/lib/libparmetis.a(wspace.c.o): in function `libparmetis__cnbrpoolGetNext':
wspace.c:(.text+0x196): undefined reference to `gk_realloc'
/usr/bin/ld: /home/lisataldir/local/lib/libparmetis.a(wspace.c.o): in function `libparmetis__wspacemalloc':
wspace.c:(.text+0xfc): undefined reference to `gk_mcoreMalloc'
/usr/bin/ld: /home/lisataldir/local/lib/libparmetis.a(xyzpart.c.o): in function `libparmetis__IRBinCoordinates':
xyzpart.c:(.text+0x66): undefined reference to `gk_mcorePush'
/usr/bin/ld: xyzpart.c:(.text+0x6fe): undefined reference to `gk_mcorePop'
/usr/bin/ld: /home/lisataldir/local/lib/libparmetis.a(xyzpart.c.o): in function `libparmetis__RBBinCoordinates':
xyzpart.c:(.text+0x7eb): undefined reference to `gk_mcorePush'
/usr/bin/ld: xyzpart.c:(.text+0xe97): undefined reference to `gk_mcorePop'
/usr/bin/ld: /home/lisataldir/local/lib/libparmetis.a(xyzpart.c.o): in function `libparmetis__SampleSort':
xyzpart.c:(.text+0xf33): undefined reference to `gk_mcorePush'
/usr/bin/ld: xyzpart.c:(.text+0xf8c): undefined reference to `gk_mcorePush'
/usr/bin/ld: xyzpart.c:(.text+0x11b0): undefined reference to `gk_mcorePop'
/usr/bin/ld: xyzpart.c:(.text+0x1824): undefined reference to `gk_mcorePop'
/usr/bin/ld: /home/lisataldir/local/lib/libparmetis.a(xyzpart.c.o): in function `libparmetis__PseudoSampleSort':
xyzpart.c:(.text+0x1a2a): undefined reference to `gk_mcorePush'
/usr/bin/ld: xyzpart.c:(.text+0x1b0a): undefined reference to `gk_mcorePush'
/usr/bin/ld: xyzpart.c:(.text+0x1cb4): undefined reference to `gk_mcorePop'
/usr/bin/ld: xyzpart.c:(.text+0x213c): undefined reference to `gk_mcorePop'
/usr/bin/ld: /home/lisataldir/local/lib/libparmetis.a(xyzpart.c.o): in function `libparmetis__Coordinate_Partition':
xyzpart.c:(.text+0x25aa): undefined reference to `gk_mcorePush'
/usr/bin/ld: xyzpart.c:(.text+0x26c0): undefined reference to `gk_mcorePop'
/usr/bin/ld: /home/lisataldir/local/lib/libparmetis.a(ctrl.c.o): in function `libparmetis__SetupCtrl':
ctrl.c:(.text+0x32): undefined reference to `gk_malloc'
/usr/bin/ld: /home/lisataldir/local/lib/libparmetis.a(ctrl.c.o): in function `libparmetis__FreeCtrl':
ctrl.c:(.text+0x475): undefined reference to `gk_free'
/usr/bin/ld: /home/lisataldir/local/lib/libparmetis.a(diffutil.c.o): in function `libparmetis__Mc_ComputeMoveStatistics':
diffutil.c:(.text+0x5d9): undefined reference to `gk_free'
/usr/bin/ld: /home/lisataldir/local/lib/libparmetis.a(gklib.c.o): in function `libparmetis__ismalloc':
gklib.c:(.text+0x1069): undefined reference to `gk_malloc'
/usr/bin/ld: /home/lisataldir/local/lib/libparmetis.a(gklib.c.o): in function `libparmetis__iAllocMatrix':
gklib.c:(.text+0x10e6): undefined reference to `gk_malloc'
/usr/bin/ld: gklib.c:(.text+0x113c): undefined reference to `gk_free'
/usr/bin/ld: /home/lisataldir/local/lib/libparmetis.a(gklib.c.o): in function `libparmetis__iFreeMatrix':
gklib.c:(.text+0x1193): undefined reference to `gk_free'
/usr/bin/ld: /home/lisataldir/local/lib/libparmetis.a(gklib.c.o): in function `libparmetis__rsmalloc':
gklib.c:(.text+0x1317): undefined reference to `gk_malloc'
/usr/bin/ld: /home/lisataldir/local/lib/libparmetis.a(gklib.c.o): in function `libparmetis__rAllocMatrix':
gklib.c:(.text+0x1398): undefined reference to `gk_malloc'
/usr/bin/ld: gklib.c:(.text+0x13ec): undefined reference to `gk_free'
/usr/bin/ld: /home/lisataldir/local/lib/libparmetis.a(gklib.c.o): in function `libparmetis__rFreeMatrix':
gklib.c:(.text+0x1443): undefined reference to `gk_free'
/usr/bin/ld: /home/lisataldir/local/lib/libparmetis.a(gklib.c.o): in function `libparmetis__ikvsmalloc':
gklib.c:(.text+0x1529): undefined reference to `gk_malloc'
/usr/bin/ld: /home/lisataldir/local/lib/libparmetis.a(gklib.c.o): in function `libparmetis__ikvAllocMatrix':
gklib.c:(.text+0x15a6): undefined reference to `gk_malloc'
/usr/bin/ld: gklib.c:(.text+0x15fc): undefined reference to `gk_free'
/usr/bin/ld: /home/lisataldir/local/lib/libparmetis.a(gklib.c.o): in function `libparmetis__ikvFreeMatrix':
gklib.c:(.text+0x1653): undefined reference to `gk_free'
/usr/bin/ld: /home/lisataldir/local/lib/libparmetis.a(gklib.c.o): in function `libparmetis__rkvsmalloc':
gklib.c:(.text+0x1739): undefined reference to `gk_malloc'
/usr/bin/ld: /home/lisataldir/local/lib/libparmetis.a(gklib.c.o): in function `libparmetis__rkvAllocMatrix':
gklib.c:(.text+0x17b6): undefined reference to `gk_malloc'
/usr/bin/ld: gklib.c:(.text+0x180c): undefined reference to `gk_free'
/usr/bin/ld: /home/lisataldir/local/lib/libparmetis.a(gklib.c.o): in function `libparmetis__rkvFreeMatrix':
gklib.c:(.text+0x1863): undefined reference to `gk_free'
/usr/bin/ld: /home/lisataldir/local/lib/libparmetis.a(gklib.c.o): in function `libparmetis__ipqInit':
gklib.c:(.text+0x1920): undefined reference to `gk_idxsmalloc'
/usr/bin/ld: /home/lisataldir/local/lib/libparmetis.a(gklib.c.o): in function `libparmetis__ipqCreate':
gklib.c:(.text+0x194b): undefined reference to `gk_malloc'
/usr/bin/ld: /home/lisataldir/local/lib/libparmetis.a(gklib.c.o): in function `libparmetis__ipqFree':
gklib.c:(.text+0x19ca): undefined reference to `gk_free'
/usr/bin/ld: /home/lisataldir/local/lib/libparmetis.a(gklib.c.o): in function `libparmetis__ipqDestroy':
gklib.c:(.text+0x1a11): undefined reference to `gk_free'
/usr/bin/ld: /home/lisataldir/local/lib/libparmetis.a(gklib.c.o): in function `libparmetis__rpqInit':
gklib.c:(.text+0x1f00): undefined reference to `gk_idxsmalloc'
/usr/bin/ld: /home/lisataldir/local/lib/libparmetis.a(gklib.c.o): in function `libparmetis__rpqCreate':
gklib.c:(.text+0x1f2b): undefined reference to `gk_malloc'
/usr/bin/ld: /home/lisataldir/local/lib/libparmetis.a(gklib.c.o): in function `libparmetis__rpqFree':
gklib.c:(.text+0x1faa): undefined reference to `gk_free'
/usr/bin/ld: /home/lisataldir/local/lib/libparmetis.a(gklib.c.o): in function `libparmetis__rpqDestroy':
gklib.c:(.text+0x1ff1): undefined reference to `gk_free'
/usr/bin/ld: /home/lisataldir/local/lib/libparmetis.a(gklib.c.o): in function `libparmetis__iargmax_n':
gklib.c:(.text+0x3a88): undefined reference to `gk_free'
/usr/bin/ld: /home/lisataldir/local/lib/libparmetis.a(gklib.c.o): in function `libparmetis__rargmax_n':
gklib.c:(.text+0x3e84): undefined reference to `gk_free'
/usr/bin/ld: /home/lisataldir/local/lib/libparmetis.a(gklib.c.o): in function `libparmetis__imalloc':
gklib.c:(.text+0xf69): undefined reference to `gk_malloc'
/usr/bin/ld: /home/lisataldir/local/lib/libparmetis.a(gklib.c.o): in function `libparmetis__irealloc':
gklib.c:(.text+0xf79): undefined reference to `gk_realloc'
/usr/bin/ld: /home/lisataldir/local/lib/libparmetis.a(gklib.c.o): in function `libparmetis__iFreeMatrix':
gklib.c:(.text+0x11b2): undefined reference to `gk_free'
/usr/bin/ld: /home/lisataldir/local/lib/libparmetis.a(gklib.c.o): in function `libparmetis__rmalloc':
gklib.c:(.text+0x1219): undefined reference to `gk_malloc'
/usr/bin/ld: /home/lisataldir/local/lib/libparmetis.a(gklib.c.o): in function `libparmetis__rrealloc':
gklib.c:(.text+0x1229): undefined reference to `gk_realloc'
/usr/bin/ld: /home/lisataldir/local/lib/libparmetis.a(gklib.c.o): in function `libparmetis__rFreeMatrix':
gklib.c:(.text+0x1462): undefined reference to `gk_free'
/usr/bin/ld: /home/lisataldir/local/lib/libparmetis.a(gklib.c.o): in function `libparmetis__ikvmalloc':
gklib.c:(.text+0x14c9): undefined reference to `gk_malloc'
/usr/bin/ld: /home/lisataldir/local/lib/libparmetis.a(gklib.c.o): in function `libparmetis__ikvrealloc':
gklib.c:(.text+0x14d9): undefined reference to `gk_realloc'
/usr/bin/ld: /home/lisataldir/local/lib/libparmetis.a(gklib.c.o): in function `libparmetis__ikvFreeMatrix':
gklib.c:(.text+0x1672): undefined reference to `gk_free'
/usr/bin/ld: /home/lisataldir/local/lib/libparmetis.a(gklib.c.o): in function `libparmetis__rkvmalloc':
gklib.c:(.text+0x16d9): undefined reference to `gk_malloc'
/usr/bin/ld: /home/lisataldir/local/lib/libparmetis.a(gklib.c.o): in function `libparmetis__rkvrealloc':
gklib.c:(.text+0x16e9): undefined reference to `gk_realloc'
/usr/bin/ld: /home/lisataldir/local/lib/libparmetis.a(gklib.c.o): in function `libparmetis__rkvFreeMatrix':
gklib.c:(.text+0x1882): undefined reference to `gk_free'
/usr/bin/ld: /home/lisataldir/local/lib/libparmetis.a(gklib.c.o): in function `libparmetis__isrand':
gklib.c:(.text+0x24e8): undefined reference to `gk_randinit'
/usr/bin/ld: /home/lisataldir/local/lib/libparmetis.a(gklib.c.o): in function `libparmetis__irand':
gklib.c:(.text+0x24f5): undefined reference to `gk_randint32'
/usr/bin/ld: /home/lisataldir/local/lib/libparmetis.a(initbalance.c.o): in function `libparmetis__AssembleAdaptiveGraph':
initbalance.c:(.text+0x44): undefined reference to `gk_mcorePush'
/usr/bin/ld: initbalance.c:(.text+0x17a): undefined reference to `gk_mcorePush'
/usr/bin/ld: initbalance.c:(.text+0x3cc): undefined reference to `gk_mcorePop'
/usr/bin/ld: initbalance.c:(.text+0x839): undefined reference to `gk_mcorePop'
/usr/bin/ld: /home/lisataldir/local/lib/libparmetis.a(initbalance.c.o): in function `libparmetis__Balance_Partition':
initbalance.c:(.text+0xa0d): undefined reference to `gk_mcorePush'
/usr/bin/ld: initbalance.c:(.text+0x111b): undefined reference to `gk_malloc'
/usr/bin/ld: initbalance.c:(.text+0x1520): undefined reference to `gk_mcorePop'
/usr/bin/ld: initbalance.c:(.text+0x17d7): undefined reference to `gk_mcorePush'
/usr/bin/ld: initbalance.c:(.text+0x18e8): undefined reference to `gk_mcorePop'
/usr/bin/ld: /home/lisataldir/local/lib/libparmetis.a(initpart.c.o): in function `libparmetis__KeepPart':
initpart.c:(.text+0x34): undefined reference to `gk_mcorePush'
/usr/bin/ld: /home/lisataldir/local/lib/libparmetis.a(initpart.c.o): in function `libparmetis__InitPartition':
initpart.c:(.text+0x3e6): undefined reference to `gk_mcorePush'
/usr/bin/ld: initpart.c:(.text+0xae3): undefined reference to `gk_mcorePop'
/usr/bin/ld: /home/lisataldir/local/lib/libparmetis.a(initpart.c.o): in function `libparmetis__KeepPart':
initpart.c:(.text+0x2ee): undefined reference to `gk_mcorePop'
/usr/bin/ld: /home/lisataldir/local/lib/libparmetis.a(mdiffusion.c.o): in function `libparmetis__Mc_Diffusion':
mdiffusion.c:(.text+0x695): undefined reference to `gk_mcorePush'
/usr/bin/ld: mdiffusion.c:(.text+0x9c0): undefined reference to `gk_malloc'
/usr/bin/ld: mdiffusion.c:(.text+0x9de): undefined reference to `gk_malloc'
/usr/bin/ld: mdiffusion.c:(.text+0x1317): undefined reference to `gk_free'
/usr/bin/ld: mdiffusion.c:(.text+0x1340): undefined reference to `gk_mcorePop'
/usr/bin/ld: mdiffusion.c:(.text+0x1abc): undefined reference to `gk_free'
/usr/bin/ld: /home/lisataldir/local/lib/libparmetis.a(redomylink.c.o): in function `libparmetis__RedoMyLink':
redomylink.c:(.text+0x78): undefined reference to `gk_mcorePush'
/usr/bin/ld: redomylink.c:(.text+0xc47): undefined reference to `gk_mcorePop'
/usr/bin/ld: /home/lisataldir/local/lib/libparmetis.a(serial.c.o): in function `libparmetis__Mc_SerialKWayAdaptRefine':
serial.c:(.text+0x406): undefined reference to `gk_mcorePush'
/usr/bin/ld: serial.c:(.text+0x1038): undefined reference to `gk_mcorePop'
/usr/bin/ld: /home/lisataldir/local/lib/libparmetis.a(serial.c.o): in function `libparmetis__SerialRemap':
serial.c:(.text+0x1109): undefined reference to `gk_mcorePush'
/usr/bin/ld: /home/lisataldir/local/lib/libparmetis.a(serial.c.o): in function `libparmetis__Mc_Serial_FM_2WayRefine':
serial.c:(.text+0x228f): undefined reference to `gk_mcorePush'
/usr/bin/ld: serial.c:(.text+0x33fa): undefined reference to `gk_mcorePop'
/usr/bin/ld: /home/lisataldir/local/lib/libparmetis.a(serial.c.o): in function `libparmetis__Mc_Serial_Balance2Way':
serial.c:(.text+0x3741): undefined reference to `gk_mcorePush'
/usr/bin/ld: serial.c:(.text+0x47da): undefined reference to `gk_mcorePop'
/usr/bin/ld: /home/lisataldir/local/lib/libparmetis.a(serial.c.o): in function `libparmetis__Mc_Serial_Init2WayBalance':
serial.c:(.text+0x4dfb): undefined reference to `gk_mcorePush'
/usr/bin/ld: serial.c:(.text+0x531b): undefined reference to `gk_mcorePop'
/usr/bin/ld: /home/lisataldir/local/lib/libparmetis.a(serial.c.o): in function `libparmetis__SerialRemap':
serial.c:(.text+0x171d): undefined reference to `gk_mcorePop'
/usr/bin/ld: /home/lisataldir/local/lib/libparmetis.a(wave.c.o): in function `libparmetis__WavefrontDiffusion':
wave.c:(.text+0x20a): undefined reference to `gk_malloc'
/usr/bin/ld: wave.c:(.text+0x694): undefined reference to `gk_free'
/usr/bin/ld: /home/lisataldir/local/lib/libparmetis.a(balancemylink.c.o): in function `libparmetis__BalanceMyLink':
balancemylink.c:(.text+0x7a): undefined reference to `gk_mcorePush'
/usr/bin/ld: balancemylink.c:(.text+0x1d9a): undefined reference to `gk_mcorePop'
/usr/bin/ld: /home/lisataldir/local/lib/libparmetis.a(csrmatch.c.o): in function `libparmetis__CSR_Match_SHEM':
csrmatch.c:(.text+0x2b0): undefined reference to `gk_free'
/usr/bin/ld: /home/lisataldir/local/lib/libparmetis.a(selectq.c.o): in function `libparmetis__Mc_HashVwgts':
selectq.c:(.text+0x2c): undefined reference to `gk_mcorePush'
/usr/bin/ld: selectq.c:(.text+0x28f): undefined reference to `gk_mcorePop'
/usr/bin/ld: /home/lisataldir/local/lib/libparmetis.a(selectq.c.o): in function `libparmetis__Mc_DynamicSelectQueue':
selectq.c:(.text+0x3cc): undefined reference to `gk_mcorePush'
/usr/bin/ld: selectq.c:(.text+0x6dd): undefined reference to `gk_mcorePop'
/usr/bin/ld: /home/lisataldir/local/lib/libmetis.a(gklib.c.o): in function `libmetis__ismalloc':
gklib.c:(.text+0x1069): undefined reference to `gk_malloc'
/usr/bin/ld: /home/lisataldir/local/lib/libmetis.a(gklib.c.o): in function `libmetis__iAllocMatrix':
gklib.c:(.text+0x10e6): undefined reference to `gk_malloc'
/usr/bin/ld: gklib.c:(.text+0x113c): undefined reference to `gk_free'
/usr/bin/ld: /home/lisataldir/local/lib/libmetis.a(gklib.c.o): in function `libmetis__iFreeMatrix':
gklib.c:(.text+0x1193): undefined reference to `gk_free'
/usr/bin/ld: /home/lisataldir/local/lib/libmetis.a(gklib.c.o): in function `libmetis__rsmalloc':
gklib.c:(.text+0x1317): undefined reference to `gk_malloc'
/usr/bin/ld: /home/lisataldir/local/lib/libmetis.a(gklib.c.o): in function `libmetis__rAllocMatrix':
gklib.c:(.text+0x1398): undefined reference to `gk_malloc'
/usr/bin/ld: gklib.c:(.text+0x13ec): undefined reference to `gk_free'
/usr/bin/ld: /home/lisataldir/local/lib/libmetis.a(gklib.c.o): in function `libmetis__rFreeMatrix':
gklib.c:(.text+0x1443): undefined reference to `gk_free'
/usr/bin/ld: /home/lisataldir/local/lib/libmetis.a(gklib.c.o): in function `libmetis__ikvsmalloc':
gklib.c:(.text+0x1529): undefined reference to `gk_malloc'
/usr/bin/ld: /home/lisataldir/local/lib/libmetis.a(gklib.c.o): in function `libmetis__ikvAllocMatrix':
gklib.c:(.text+0x15a6): undefined reference to `gk_malloc'
/usr/bin/ld: gklib.c:(.text+0x15fc): undefined reference to `gk_free'
/usr/bin/ld: /home/lisataldir/local/lib/libmetis.a(gklib.c.o): in function `libmetis__ikvFreeMatrix':
gklib.c:(.text+0x1653): undefined reference to `gk_free'
/usr/bin/ld: /home/lisataldir/local/lib/libmetis.a(gklib.c.o): in function `libmetis__rkvsmalloc':
gklib.c:(.text+0x1739): undefined reference to `gk_malloc'
/usr/bin/ld: /home/lisataldir/local/lib/libmetis.a(gklib.c.o): in function `libmetis__rkvAllocMatrix':
gklib.c:(.text+0x17b6): undefined reference to `gk_malloc'
/usr/bin/ld: gklib.c:(.text+0x180c): undefined reference to `gk_free'
/usr/bin/ld: /home/lisataldir/local/lib/libmetis.a(gklib.c.o): in function `libmetis__rkvFreeMatrix':
gklib.c:(.text+0x1863): undefined reference to `gk_free'
/usr/bin/ld: /home/lisataldir/local/lib/libmetis.a(gklib.c.o): in function `libmetis__ipqInit':
gklib.c:(.text+0x1920): undefined reference to `gk_idxsmalloc'
/usr/bin/ld: /home/lisataldir/local/lib/libmetis.a(gklib.c.o): in function `libmetis__ipqCreate':
gklib.c:(.text+0x194b): undefined reference to `gk_malloc'
/usr/bin/ld: /home/lisataldir/local/lib/libmetis.a(gklib.c.o): in function `libmetis__ipqFree':
gklib.c:(.text+0x19ca): undefined reference to `gk_free'
/usr/bin/ld: /home/lisataldir/local/lib/libmetis.a(gklib.c.o): in function `libmetis__ipqDestroy':
gklib.c:(.text+0x1a11): undefined reference to `gk_free'
/usr/bin/ld: /home/lisataldir/local/lib/libmetis.a(gklib.c.o): in function `libmetis__rpqInit':
gklib.c:(.text+0x1f00): undefined reference to `gk_idxsmalloc'
/usr/bin/ld: /home/lisataldir/local/lib/libmetis.a(gklib.c.o): in function `libmetis__rpqCreate':
gklib.c:(.text+0x1f2b): undefined reference to `gk_malloc'
/usr/bin/ld: /home/lisataldir/local/lib/libmetis.a(gklib.c.o): in function `libmetis__rpqFree':
gklib.c:(.text+0x1faa): undefined reference to `gk_free'
/usr/bin/ld: /home/lisataldir/local/lib/libmetis.a(gklib.c.o): in function `libmetis__rpqDestroy':
gklib.c:(.text+0x1ff1): undefined reference to `gk_free'
/usr/bin/ld: /home/lisataldir/local/lib/libmetis.a(gklib.c.o): in function `libmetis__iargmax_n':
gklib.c:(.text+0x3a88): undefined reference to `gk_free'
/usr/bin/ld: /home/lisataldir/local/lib/libmetis.a(gklib.c.o): in function `libmetis__rargmax_n':
gklib.c:(.text+0x3e84): undefined reference to `gk_free'
/usr/bin/ld: /home/lisataldir/local/lib/libmetis.a(gklib.c.o): in function `libmetis__imalloc':
gklib.c:(.text+0xf69): undefined reference to `gk_malloc'
/usr/bin/ld: /home/lisataldir/local/lib/libmetis.a(gklib.c.o): in function `libmetis__irealloc':
gklib.c:(.text+0xf79): undefined reference to `gk_realloc'
/usr/bin/ld: /home/lisataldir/local/lib/libmetis.a(gklib.c.o): in function `libmetis__iFreeMatrix':
gklib.c:(.text+0x11b2): undefined reference to `gk_free'
/usr/bin/ld: /home/lisataldir/local/lib/libmetis.a(gklib.c.o): in function `libmetis__rmalloc':
gklib.c:(.text+0x1219): undefined reference to `gk_malloc'
/usr/bin/ld: /home/lisataldir/local/lib/libmetis.a(gklib.c.o): in function `libmetis__rrealloc':
gklib.c:(.text+0x1229): undefined reference to `gk_realloc'
/usr/bin/ld: /home/lisataldir/local/lib/libmetis.a(gklib.c.o): in function `libmetis__rFreeMatrix':
gklib.c:(.text+0x1462): undefined reference to `gk_free'
/usr/bin/ld: /home/lisataldir/local/lib/libmetis.a(gklib.c.o): in function `libmetis__ikvmalloc':
gklib.c:(.text+0x14c9): undefined reference to `gk_malloc'
/usr/bin/ld: /home/lisataldir/local/lib/libmetis.a(gklib.c.o): in function `libmetis__ikvrealloc':
gklib.c:(.text+0x14d9): undefined reference to `gk_realloc'
/usr/bin/ld: /home/lisataldir/local/lib/libmetis.a(gklib.c.o): in function `libmetis__ikvFreeMatrix':
gklib.c:(.text+0x1672): undefined reference to `gk_free'
/usr/bin/ld: /home/lisataldir/local/lib/libmetis.a(gklib.c.o): in function `libmetis__rkvmalloc':
gklib.c:(.text+0x16d9): undefined reference to `gk_malloc'
/usr/bin/ld: /home/lisataldir/local/lib/libmetis.a(gklib.c.o): in function `libmetis__rkvrealloc':
gklib.c:(.text+0x16e9): undefined reference to `gk_realloc'
/usr/bin/ld: /home/lisataldir/local/lib/libmetis.a(gklib.c.o): in function `libmetis__rkvFreeMatrix':
gklib.c:(.text+0x1882): undefined reference to `gk_free'
/usr/bin/ld: /home/lisataldir/local/lib/libmetis.a(gklib.c.o): in function `libmetis__isrand':
gklib.c:(.text+0x24e8): undefined reference to `gk_randinit'
/usr/bin/ld: /home/lisataldir/local/lib/libmetis.a(gklib.c.o): in function `libmetis__irand':
gklib.c:(.text+0x24f5): undefined reference to `gk_randint32'
/usr/bin/ld: /home/lisataldir/local/lib/libmetis.a(kmetis.c.o): in function `libmetis__InitKWayPartitioning':
kmetis.c:(.text+0x108): undefined reference to `gk_errexit'
/usr/bin/ld: kmetis.c:(.text+0x11b): undefined reference to `gk_free'
/usr/bin/ld: kmetis.c:(.text+0x1b6): undefined reference to `gk_errexit'
/usr/bin/ld: /home/lisataldir/local/lib/libmetis.a(kmetis.c.o): in function `libmetis__MlevelKWayPartitioning':
kmetis.c:(.text+0x21f): undefined reference to `gk_errexit'
/usr/bin/ld: kmetis.c:(.text+0x381): undefined reference to `gk_CPUSeconds'
/usr/bin/ld: kmetis.c:(.text+0x3a1): undefined reference to `gk_CPUSeconds'
/usr/bin/ld: /home/lisataldir/local/lib/libmetis.a(kmetis.c.o): in function `METIS_PartGraphKway':
kmetis.c:(.text+0x1492): undefined reference to `gk_malloc_init'
/usr/bin/ld: kmetis.c:(.text+0x14a1): undefined reference to `gk_sigtrap'
/usr/bin/ld: kmetis.c:(.text+0x14a9): undefined reference to `gk_cur_jbufs'
/usr/bin/ld: kmetis.c:(.text+0x14bc): undefined reference to `gk_jbufs'
/usr/bin/ld: kmetis.c:(.text+0x14ed): undefined reference to `gk_siguntrap'
/usr/bin/ld: kmetis.c:(.text+0x14f4): undefined reference to `gk_malloc_cleanup'
/usr/bin/ld: kmetis.c:(.text+0x15f3): undefined reference to `gk_log2'
/usr/bin/ld: kmetis.c:(.text+0x16f7): undefined reference to `gk_log2'
/usr/bin/ld: kmetis.c:(.text+0x1725): undefined reference to `gk_CPUSeconds'
/usr/bin/ld: kmetis.c:(.text+0x1751): undefined reference to `gk_CPUSeconds'
/usr/bin/ld: kmetis.c:(.text+0x1783): undefined reference to `gk_siguntrap'
/usr/bin/ld: kmetis.c:(.text+0x17a7): undefined reference to `gk_errexit'
/usr/bin/ld: /home/lisataldir/local/lib/libmetis.a(kwayrefine.c.o): in function `libmetis__AllocateKWayPartitionMemory':
kwayrefine.c:(.text+0xa7): undefined reference to `gk_malloc'
/usr/bin/ld: kwayrefine.c:(.text+0xd3): undefined reference to `gk_malloc'
/usr/bin/ld: /home/lisataldir/local/lib/libmetis.a(kwayrefine.c.o): in function `libmetis__ComputeKWayBoundary':
kwayrefine.c:(.text+0x148): undefined reference to `gk_errexit'
/usr/bin/ld: /home/lisataldir/local/lib/libmetis.a(kwayrefine.c.o): in function `libmetis__ProjectKWayPartition':
kwayrefine.c:(.text+0x137f): undefined reference to `gk_errexit'
/usr/bin/ld: /home/lisataldir/local/lib/libmetis.a(kwayrefine.c.o): in function `libmetis__RefineKWay':
kwayrefine.c:(.text+0x1819): undefined reference to `gk_CPUSeconds'
/usr/bin/ld: kwayrefine.c:(.text+0x1841): undefined reference to `gk_CPUSeconds'
/usr/bin/ld: kwayrefine.c:(.text+0x18c1): undefined reference to `gk_CPUSeconds'
/usr/bin/ld: kwayrefine.c:(.text+0x18e1): undefined reference to `gk_CPUSeconds'
/usr/bin/ld: kwayrefine.c:(.text+0x1a01): undefined reference to `gk_CPUSeconds'
/usr/bin/ld: /home/lisataldir/local/lib/libmetis.a(kwayrefine.c.o):kwayrefine.c:(.text+0x1b61): more undefined references to `gk_CPUSeconds' follow
/usr/bin/ld: /home/lisataldir/local/lib/libmetis.a(kwayrefine.c.o): in function `libmetis__AllocateKWayPartitionMemory':
kwayrefine.c:(.text+0x8d): undefined reference to `gk_errexit'
/usr/bin/ld: /home/lisataldir/local/lib/libmetis.a(kwayrefine.c.o): in function `libmetis__ComputeKWayPartitionParams':
kwayrefine.c:(.text+0xa47): undefined reference to `gk_errexit'
/usr/bin/ld: /home/lisataldir/local/lib/libmetis.a(minconn.c.o): in function `libmetis__ComputeSubDomainGraph':
minconn.c:(.text+0xe9): undefined reference to `gk_errexit'
/usr/bin/ld: /home/lisataldir/local/lib/libmetis.a(minconn.c.o): in function `libmetis__EliminateSubDomainEdges':
minconn.c:(.text+0x1bdc): undefined reference to `gk_errexit'
/usr/bin/ld: /home/lisataldir/local/lib/libmetis.a(minconn.c.o): in function `libmetis__PrintSubDomainGraph':
minconn.c:(.text+0x244d): undefined reference to `gk_free'
/usr/bin/ld: /home/lisataldir/local/lib/libmetis.a(options.c.o): in function `libmetis__FreeCtrl':
options.c:(.text+0xd48): undefined reference to `gk_free'
/usr/bin/ld: /home/lisataldir/local/lib/libmetis.a(options.c.o): in function `libmetis__SetupCtrl':
options.c:(.text+0xdc1): undefined reference to `gk_malloc'
/usr/bin/ld: options.c:(.text+0xe19): undefined reference to `gk_errexit'
/usr/bin/ld: /home/lisataldir/local/lib/libmetis.a(pmetis.c.o): in function `libmetis__SplitGraphPart':
pmetis.c:(.text+0xb19): undefined reference to `gk_CPUSeconds'
/usr/bin/ld: pmetis.c:(.text+0xb3b): undefined reference to `gk_CPUSeconds'
/usr/bin/ld: /home/lisataldir/local/lib/libmetis.a(pmetis.c.o): in function `METIS_PartGraphRecursive':
pmetis.c:(.text+0xf8d): undefined reference to `gk_malloc_init'
/usr/bin/ld: pmetis.c:(.text+0xf9c): undefined reference to `gk_sigtrap'
/usr/bin/ld: pmetis.c:(.text+0xfa4): undefined reference to `gk_cur_jbufs'
/usr/bin/ld: pmetis.c:(.text+0xfb7): undefined reference to `gk_jbufs'
/usr/bin/ld: pmetis.c:(.text+0xfe8): undefined reference to `gk_siguntrap'
/usr/bin/ld: pmetis.c:(.text+0xfef): undefined reference to `gk_malloc_cleanup'
/usr/bin/ld: pmetis.c:(.text+0x1159): undefined reference to `gk_CPUSeconds'
/usr/bin/ld: pmetis.c:(.text+0x1181): undefined reference to `gk_CPUSeconds'
/usr/bin/ld: pmetis.c:(.text+0x11b3): undefined reference to `gk_siguntrap'
/usr/bin/ld: /home/lisataldir/local/lib/libmetis.a(refine.c.o): in function `libmetis__Refine2Way':
refine.c:(.text+0xc47): undefined reference to `gk_CPUSeconds'
/usr/bin/ld: refine.c:(.text+0xcb4): undefined reference to `gk_CPUSeconds'
/usr/bin/ld: refine.c:(.text+0xcd1): undefined reference to `gk_CPUSeconds'
/usr/bin/ld: refine.c:(.text+0xd01): undefined reference to `gk_CPUSeconds'
/usr/bin/ld: refine.c:(.text+0xd21): undefined reference to `gk_CPUSeconds'
/usr/bin/ld: /home/lisataldir/local/lib/libmetis.a(refine.c.o):refine.c:(.text+0xd41): more undefined references to `gk_CPUSeconds' follow
/usr/bin/ld: /home/lisataldir/local/lib/libmetis.a(wspace.c.o): in function `libmetis__AllocateWorkSpace':
wspace.c:(.text+0x33): undefined reference to `gk_mcoreCreate'
/usr/bin/ld: /home/lisataldir/local/lib/libmetis.a(wspace.c.o): in function `libmetis__AllocateRefinementWorkSpace':
wspace.c:(.text+0xde): undefined reference to `gk_errexit'
/usr/bin/ld: wspace.c:(.text+0x1ac): undefined reference to `gk_malloc'
/usr/bin/ld: wspace.c:(.text+0x1d0): undefined reference to `gk_malloc'
/usr/bin/ld: /home/lisataldir/local/lib/libmetis.a(wspace.c.o): in function `libmetis__FreeWorkSpace':
wspace.c:(.text+0x1f9): undefined reference to `gk_mcoreDestroy'
/usr/bin/ld: wspace.c:(.text+0x216): undefined reference to `gk_free'
/usr/bin/ld: /home/lisataldir/local/lib/libmetis.a(wspace.c.o): in function `libmetis__cnbrpoolGetNext':
wspace.c:(.text+0x3c4): undefined reference to `gk_realloc'
/usr/bin/ld: /home/lisataldir/local/lib/libmetis.a(wspace.c.o): in function `libmetis__vnbrpoolGetNext':
wspace.c:(.text+0x487): undefined reference to `gk_realloc'
/usr/bin/ld: /home/lisataldir/local/lib/libmetis.a(wspace.c.o): in function `libmetis__FreeWorkSpace':
wspace.c:(.text+0x2c5): undefined reference to `gk_free'
/usr/bin/ld: /home/lisataldir/local/lib/libmetis.a(wspace.c.o): in function `libmetis__wspacemalloc':
wspace.c:(.text+0x2dc): undefined reference to `gk_mcoreMalloc'
/usr/bin/ld: /home/lisataldir/local/lib/libmetis.a(wspace.c.o): in function `libmetis__wspacepush':
wspace.c:(.text+0x2ec): undefined reference to `gk_mcorePush'
/usr/bin/ld: /home/lisataldir/local/lib/libmetis.a(wspace.c.o): in function `libmetis__wspacepop':
wspace.c:(.text+0x2fc): undefined reference to `gk_mcorePop'
/usr/bin/ld: /home/lisataldir/local/lib/libmetis.a(coarsen.c.o): in function `libmetis__Match_2HopAny':
coarsen.c:(.text+0x349): undefined reference to `gk_CPUSeconds'
/usr/bin/ld: coarsen.c:(.text+0x369): undefined reference to `gk_CPUSeconds'
/usr/bin/ld: /home/lisataldir/local/lib/libmetis.a(coarsen.c.o): in function `libmetis__Match_2HopAll':
coarsen.c:(.text+0x708): undefined reference to `gk_CPUSeconds'
/usr/bin/ld: coarsen.c:(.text+0x724): undefined reference to `gk_CPUSeconds'
/usr/bin/ld: /home/lisataldir/local/lib/libmetis.a(coarsen.c.o): in function `libmetis__CreateCoarseGraph':
coarsen.c:(.text+0x194a): undefined reference to `gk_CPUSeconds'
/usr/bin/ld: /home/lisataldir/local/lib/libmetis.a(coarsen.c.o):coarsen.c:(.text+0x196d): more undefined references to `gk_CPUSeconds' follow
/usr/bin/ld: /home/lisataldir/local/lib/libmetis.a(coarsen.c.o): in function `libmetis__CoarsenGraph':
coarsen.c:(.text+0x29cb): undefined reference to `gk_errexit'
/usr/bin/ld: coarsen.c:(.text+0x2ae1): undefined reference to `gk_CPUSeconds'
/usr/bin/ld: coarsen.c:(.text+0x2b01): undefined reference to `gk_CPUSeconds'
/usr/bin/ld: /home/lisataldir/local/lib/libmetis.a(coarsen.c.o): in function `CoarsenGraphNlevels':
coarsen.c:(.text+0x2c1b): undefined reference to `gk_errexit'
/usr/bin/ld: coarsen.c:(.text+0x2d41): undefined reference to `gk_CPUSeconds'
/usr/bin/ld: coarsen.c:(.text+0x2d61): undefined reference to `gk_CPUSeconds'
/usr/bin/ld: /home/lisataldir/local/lib/libmetis.a(coarsen.c.o): in function `libmetis__Match_JC':
coarsen.c:(.text+0x3261): undefined reference to `gk_CPUSeconds'
/usr/bin/ld: coarsen.c:(.text+0x328e): undefined reference to `gk_CPUSeconds'
/usr/bin/ld: /home/lisataldir/local/lib/libmetis.a(contig.c.o): in function `libmetis__FindPartitionInducedComponents':
contig.c:(.text+0x214): undefined reference to `gk_free'
/usr/bin/ld: contig.c:(.text+0x24d): undefined reference to `gk_free'
/usr/bin/ld: contig.c:(.text+0x263): undefined reference to `gk_free'
/usr/bin/ld: /home/lisataldir/local/lib/libmetis.a(contig.c.o): in function `libmetis__IsConnectedSubdomain':
contig.c:(.text+0x965): undefined reference to `gk_free'
/usr/bin/ld: /home/lisataldir/local/lib/libmetis.a(contig.c.o): in function `libmetis__FindSepInducedComponents':
contig.c:(.text+0xdab): undefined reference to `gk_free'
/usr/bin/ld: /home/lisataldir/local/lib/libmetis.a(contig.c.o): in function `libmetis__EliminateComponents':
contig.c:(.text+0x202c): undefined reference to `gk_errexit'
/usr/bin/ld: /home/lisataldir/local/lib/libmetis.a(debug.c.o): in function `libmetis__ComputeVolume':
debug.c:(.text+0x4e8): undefined reference to `gk_free'
/usr/bin/ld: /home/lisataldir/local/lib/libmetis.a(debug.c.o): in function `libmetis__ComputeMaxCut':
debug.c:(.text+0x632): undefined reference to `gk_free'
/usr/bin/ld: /home/lisataldir/local/lib/libmetis.a(graph.c.o): in function `libmetis__CreateGraph':
graph.c:(.text+0x1f3): undefined reference to `gk_malloc'
/usr/bin/ld: /home/lisataldir/local/lib/libmetis.a(graph.c.o): in function `libmetis__FreeSData':
graph.c:(.text+0x619): undefined reference to `gk_free'
/usr/bin/ld: graph.c:(.text+0x62d): undefined reference to `gk_free'
/usr/bin/ld: graph.c:(.text+0x641): undefined reference to `gk_free'
/usr/bin/ld: graph.c:(.text+0x655): undefined reference to `gk_free'
/usr/bin/ld: /home/lisataldir/local/lib/libmetis.a(graph.c.o): in function `libmetis__FreeRData':
graph.c:(.text+0x6cf): undefined reference to `gk_free'
/usr/bin/ld: /home/lisataldir/local/lib/libmetis.a(graph.c.o):graph.c:(.text+0x73e): more undefined references to `gk_free' follow
/usr/bin/ld: /home/lisataldir/local/lib/libmetis.a(graph.c.o): in function `libmetis__graph_WriteToDisk':
graph.c:(.text+0x80d): undefined reference to `gk_rmpath'
/usr/bin/ld: graph.c:(.text+0x982): undefined reference to `gk_rmpath'
/usr/bin/ld: graph.c:(.text+0xa49): undefined reference to `gk_free'
/usr/bin/ld: graph.c:(.text+0xa61): undefined reference to `gk_free'
/usr/bin/ld: graph.c:(.text+0xa79): undefined reference to `gk_free'
/usr/bin/ld: graph.c:(.text+0xa91): undefined reference to `gk_free'
/usr/bin/ld: graph.c:(.text+0xaa9): undefined reference to `gk_free'
/usr/bin/ld: /home/lisataldir/local/lib/libmetis.a(graph.c.o): in function `libmetis__graph_ReadFromDisk':
graph.c:(.text+0xbdb): undefined reference to `gk_rmpath'
/usr/bin/ld: graph.c:(.text+0xc3c): undefined reference to `gk_rmpath'
/usr/bin/ld: graph.c:(.text+0xc5c): undefined reference to `gk_errexit'
/usr/bin/ld: /home/lisataldir/local/lib/libmetis.a(graph.c.o): in function `libmetis__FreeSData':
graph.c:(.text+0x66a): undefined reference to `gk_free'
/usr/bin/ld: /home/lisataldir/local/lib/libmetis.a(initpart.c.o): in function `libmetis__Init2WayPartition':
initpart.c:(.text+0xb0e): undefined reference to `gk_CPUSeconds'
/usr/bin/ld: initpart.c:(.text+0xb42): undefined reference to `gk_errexit'
/usr/bin/ld: initpart.c:(.text+0xb59): undefined reference to `gk_CPUSeconds'
/usr/bin/ld: /home/lisataldir/local/lib/libmetis.a(initpart.c.o): in function `libmetis__GrowBisectionNode':
initpart.c:(.text+0xd23): undefined reference to `gk_malloc'
/usr/bin/ld: /home/lisataldir/local/lib/libmetis.a(initpart.c.o): in function `libmetis__InitSeparator':
initpart.c:(.text+0x110c): undefined reference to `gk_errexit'
/usr/bin/ld: initpart.c:(.text+0x1197): undefined reference to `gk_CPUSeconds'
/usr/bin/ld: initpart.c:(.text+0x11d1): undefined reference to `gk_CPUSeconds'
/usr/bin/ld: /home/lisataldir/local/lib/libmetis.a(initpart.c.o): in function `GrowBisectionNode2':
initpart.c:(.text+0x12c5): undefined reference to `gk_malloc'
/usr/bin/ld: /home/lisataldir/local/lib/libmetis.a(kwayfm.c.o): in function `libmetis__Greedy_KWayOptimize':
kwayfm.c:(.text+0x7315): undefined reference to `gk_errexit'
/usr/bin/ld: /home/lisataldir/local/lib/libmetis.a(sfm.c.o): in function `libmetis__FM_2WayNodeRefine1Sided':
sfm.c:(.text+0x18f6): undefined reference to `gk_CPUSeconds'
/usr/bin/ld: sfm.c:(.text+0x191d): undefined reference to `gk_CPUSeconds'
/usr/bin/ld: sfm.c:(.text+0x1967): undefined reference to `gk_CPUSeconds'
/usr/bin/ld: sfm.c:(.text+0x198b): undefined reference to `gk_CPUSeconds'
/usr/bin/ld: sfm.c:(.text+0x19cd): undefined reference to `gk_CPUSeconds'
/usr/bin/ld: /home/lisataldir/local/lib/libmetis.a(sfm.c.o):sfm.c:(.text+0x1a4d): more undefined references to `gk_CPUSeconds' follow
/usr/bin/ld: /home/lisataldir/local/lib/libmetis.a(srefine.c.o): in function `libmetis__Allocate2WayNodePartitionMemory':
srefine.c:(.text+0x77): undefined reference to `gk_malloc'
/usr/bin/ld: /home/lisataldir/local/lib/libmetis.a(srefine.c.o): in function `libmetis__Refine2WayNode':
srefine.c:(.text+0x2b3): undefined reference to `gk_errexit'
/usr/bin/ld: srefine.c:(.text+0x31c): undefined reference to `gk_CPUSeconds'
/usr/bin/ld: srefine.c:(.text+0x369): undefined reference to `gk_CPUSeconds'
/usr/bin/ld: srefine.c:(.text+0x388): undefined reference to `gk_CPUSeconds'
/usr/bin/ld: srefine.c:(.text+0x3a9): undefined reference to `gk_CPUSeconds'
/usr/bin/ld: srefine.c:(.text+0x3d1): undefined reference to `gk_CPUSeconds'
/usr/bin/ld: /home/lisataldir/local/lib/libmetis.a(srefine.c.o):srefine.c:(.text+0x40f): more undefined references to `gk_CPUSeconds' follow
/usr/bin/ld: /home/lisataldir/local/lib/libmetis.a(mincover.c.o): in function `libmetis__MinCover_Decompose':
mincover.c:(.text+0x4ea): undefined reference to `gk_free'
/usr/bin/ld: /home/lisataldir/local/lib/libmetis.a(mincover.c.o): in function `libmetis__MinCover':
mincover.c:(.text+0x936): undefined reference to `gk_free'
collect2: error: ld returned 1 exit status
configure:4558: $? = 1
configure: failed program was:
| /* confdefs.h */
| #define PACKAGE_NAME "CLB"
| #define PACKAGE_TARNAME "clb"
| #define PACKAGE_VERSION "0.01"
| #define PACKAGE_STRING "CLB 0.01"
| #define PACKAGE_BUGREPORT ""
| #define PACKAGE_URL ""
| #define HAVE_STDIO_H 1
| #define HAVE_STDLIB_H 1
| #define HAVE_STRING_H 1
| #define HAVE_INTTYPES_H 1
| #define HAVE_STDINT_H 1
| #define HAVE_STRINGS_H 1
| #define HAVE_SYS_STAT_H 1
| #define HAVE_SYS_TYPES_H 1
| #define HAVE_UNISTD_H 1
| #define STDC_HEADERS 1
| #define HAVE_FLOAT_H 1
| #define HAVE_STDDEF_H 1
| #define HAVE_STDINT_H 1
| #define HAVE_STDLIB_H 1
| #define HAVE_STRING_H 1
| #define HAVE_WCHAR_H 1
| #define HAVE_LIBM 1
| #define HAVE_CXXABI_H 1
| #define HAS_CXXABI_H 1
| #define CALC_DOUBLE_PRECISION 1
| #define CROSS_CPU 1
| #define X_BLOCK 1
| #define WARPSIZE 1
| #define GRID3D 1
| #define HAVE_MPI_H 1
| #define HAVE_LIBMPI 1
| #define WITH_EIGEN 1
| #define HAVE_METIS_H 1
| #define HAVE_PARMETIS_H 1
| /* end confdefs.h.  */
| 
| namespace conftest {
|   extern "C" int ParMETIS_V3_PartGeomKway ();
| }
| int
| main (void)
| {
| return conftest::ParMETIS_V3_PartGeomKway ();
|   ;
|   return 0;
| }
configure:4568: result: no
configure:4610: checking for local NLOpt installation
configure:4619: result: not found
configure:4635: checking for nlopt.h
configure:4635: g++ -c -g -O2  -I/usr/lib/x86_64-linux-gnu/openmpi/include -I/usr/lib/x86_64-linux-gnu/openmpi/include/openmpi -I/usr/include/mpi -I/home/lisataldir/local/include conftest.cpp >&5
conftest.cpp:66:10: fatal error: nlopt.h: No such file or directory
   66 | #include <nlopt.h>
      |          ^~~~~~~~~
compilation terminated.
configure:4635: $? = 1
configure: failed program was:
| /* confdefs.h */
| #define PACKAGE_NAME "CLB"
| #define PACKAGE_TARNAME "clb"
| #define PACKAGE_VERSION "0.01"
| #define PACKAGE_STRING "CLB 0.01"
| #define PACKAGE_BUGREPORT ""
| #define PACKAGE_URL ""
| #define HAVE_STDIO_H 1
| #define HAVE_STDLIB_H 1
| #define HAVE_STRING_H 1
| #define HAVE_INTTYPES_H 1
| #define HAVE_STDINT_H 1
| #define HAVE_STRINGS_H 1
| #define HAVE_SYS_STAT_H 1
| #define HAVE_SYS_TYPES_H 1
| #define HAVE_UNISTD_H 1
| #define STDC_HEADERS 1
| #define HAVE_FLOAT_H 1
| #define HAVE_STDDEF_H 1
| #define HAVE_STDINT_H 1
| #define HAVE_STDLIB_H 1
| #define HAVE_STRING_H 1
| #define HAVE_WCHAR_H 1
| #define HAVE_LIBM 1
| #define HAVE_CXXABI_H 1
| #define HAS_CXXABI_H 1
| #define CALC_DOUBLE_PRECISION 1
| #define CROSS_CPU 1
| #define X_BLOCK 1
| #define WARPSIZE 1
| #define GRID3D 1
| #define HAVE_MPI_H 1
| #define HAVE_LIBMPI 1
| #define WITH_EIGEN 1
| #define HAVE_METIS_H 1
| #define HAVE_PARMETIS_H 1
| /* end confdefs.h.  */
| #include <stddef.h>
| #ifdef HAVE_STDIO_H
| # include <stdio.h>
| #endif
| #ifdef HAVE_STDLIB_H
| # include <stdlib.h>
| #endif
| #ifdef HAVE_STRING_H
| # include <string.h>
| #endif
| #ifdef HAVE_INTTYPES_H
| # include <inttypes.h>
| #endif
| #ifdef HAVE_STDINT_H
| # include <stdint.h>
| #endif
| #ifdef HAVE_STRINGS_H
| # include <strings.h>
| #endif
| #ifdef HAVE_SYS_TYPES_H
| # include <sys/types.h>
| #endif
| #ifdef HAVE_SYS_STAT_H
| # include <sys/stat.h>
| #endif
| #ifdef HAVE_UNISTD_H
| # include <unistd.h>
| #endif
| #include <nlopt.h>
configure:4635: result: no
configure:4645: checking for nlopt_create in -lnlopt
configure:4667: g++ -o conftest -g -O2  -I/usr/lib/x86_64-linux-gnu/openmpi/include -I/usr/lib/x86_64-linux-gnu/openmpi/include/openmpi -I/usr/include/mpi -I/home/lisataldir/local/include  -L/usr/lib/x86_64-linux-gnu/openmpi/lib -lmpi_cxx -lmpi -L/usr/lib/openmpi/lib -L/home/lisataldir/local/lib conftest.cpp -lnlopt  -lmpi -lm  >&5
/usr/bin/ld: cannot find -lnlopt: No such file or directory
collect2: error: ld returned 1 exit status
configure:4667: $? = 1
configure: failed program was:
| /* confdefs.h */
| #define PACKAGE_NAME "CLB"
| #define PACKAGE_TARNAME "clb"
| #define PACKAGE_VERSION "0.01"
| #define PACKAGE_STRING "CLB 0.01"
| #define PACKAGE_BUGREPORT ""
| #define PACKAGE_URL ""
| #define HAVE_STDIO_H 1
| #define HAVE_STDLIB_H 1
| #define HAVE_STRING_H 1
| #define HAVE_INTTYPES_H 1
| #define HAVE_STDINT_H 1
| #define HAVE_STRINGS_H 1
| #define HAVE_SYS_STAT_H 1
| #define HAVE_SYS_TYPES_H 1
| #define HAVE_UNISTD_H 1
| #define STDC_HEADERS 1
| #define HAVE_FLOAT_H 1
| #define HAVE_STDDEF_H 1
| #define HAVE_STDINT_H 1
| #define HAVE_STDLIB_H 1
| #define HAVE_STRING_H 1
| #define HAVE_WCHAR_H 1
| #define HAVE_LIBM 1
| #define HAVE_CXXABI_H 1
| #define HAS_CXXABI_H 1
| #define CALC_DOUBLE_PRECISION 1
| #define CROSS_CPU 1
| #define X_BLOCK 1
| #define WARPSIZE 1
| #define GRID3D 1
| #define HAVE_MPI_H 1
| #define HAVE_LIBMPI 1
| #define WITH_EIGEN 1
| #define HAVE_METIS_H 1
| #define HAVE_PARMETIS_H 1
| /* end confdefs.h.  */
| 
| namespace conftest {
|   extern "C" int nlopt_create ();
| }
| int
| main (void)
| {
| return conftest::nlopt_create ();
|   ;
|   return 0;
| }
configure:4677: result: no
configure:5061: checking for R
configure:5084: found /usr/bin/R
configure:5097: result: /usr/bin/R
configure:5114: checking /usr/bin/R
configure:5120: result: exists
configure:5124: checking R package: optparse
configure:5128: result: yes
configure:5135: checking R package: rtemplate
configure:5139: result: yes
configure:5144: checking R package: gvector
configure:5148: result: yes
configure:5153: checking R package: polyAlgebra
configure:5157: result: yes
configure:5165: checking R package: RInside
configure:5170: result: yes
configure:5201: checking for RInside.h
configure:5201: g++ -c -g -O2  -I/usr/lib/x86_64-linux-gnu/openmpi/include -I/usr/lib/x86_64-linux-gnu/openmpi/include/openmpi -I/usr/include/mpi -I/home/lisataldir/local/include -I/usr/share/R/include -I/home/lisataldir/R/x86_64-pc-linux-gnu-library/4.1/RInside/include -I/home/lisataldir/R/x86_64-pc-linux-gnu-library/4.1/Rcpp/include conftest.cpp >&5
configure:5201: $? = 0
configure:5201: result: yes
configure:5237: checking for tapenade
configure:5245: result: no
configure:5283: checking for chrono
configure:5283: g++ -c -g -O2  -I/usr/lib/x86_64-linux-gnu/openmpi/include -I/usr/lib/x86_64-linux-gnu/openmpi/include/openmpi -I/usr/include/mpi -I/home/lisataldir/local/include -I/usr/share/R/include -I/home/lisataldir/R/x86_64-pc-linux-gnu-library/4.1/RInside/include -I/home/lisataldir/R/x86_64-pc-linux-gnu-library/4.1/Rcpp/include -std=c++17 conftest.cpp >&5
configure:5283: $? = 0
configure:5283: result: yes
configure:5399: result: CXX      : g++
configure:5401: result: CPPFLAGS :  -I/usr/lib/x86_64-linux-gnu/openmpi/include -I/usr/lib/x86_64-linux-gnu/openmpi/include/openmpi -I/usr/include/mpi -I/home/lisataldir/local/include -I/usr/share/R/include -I/home/lisataldir/R/x86_64-pc-linux-gnu-library/4.1/RInside/include -I/home/lisataldir/R/x86_64-pc-linux-gnu-library/4.1/Rcpp/include -std=c++17 -O3 -Wno-write-strings
configure:5403: result: LDFLAGS  :  -L/usr/lib/x86_64-linux-gnu/openmpi/lib -lmpi_cxx -lmpi -L/usr/lib/openmpi/lib -L/home/lisataldir/local/lib -Wl,--export-dynamic -fopenmp -Wl,-Bsymbolic-functions -flto=auto -ffat-lto-objects -flto=auto -Wl,-z,relro -L/usr/lib/R/lib -lR -lpcre2-8 -llzma -lbz2 -lz -ltirpc -lrt -ldl -lm -licuuc -licui18n -lblas -llapack  -L/home/lisataldir/R/x86_64-pc-linux-gnu-library/4.1/RInside/lib -lRInside -Wl,-rpath,/home/lisataldir/R/x86_64-pc-linux-gnu-library/4.1/RInside/lib
configure:5405: result: NVFLAGS  :  -std=c++17
configure:5539: creating ./config.status

## ---------------------- ##
## Running config.status. ##
## ---------------------- ##

This file was extended by CLB config.status 0.01, which was
generated by GNU Autoconf 2.71.  Invocation command line was

  CONFIG_FILES    = 
  CONFIG_HEADERS  = 
  CONFIG_LINKS    = 
  CONFIG_COMMANDS = 
  $ ./config.status 

on lisataldir-Latitude-E7270

config.status:840: creating CLB/config.mk
config.status:840: creating CLB/config.R_
config.status:840: creating config.main.mk
config.status:840: creating CLB/config.h
config.status:1010: CLB/config.h is unchanged

## ---------------- ##
## Cache variables. ##
## ---------------- ##

ac_cv_cxx_compiler_gnu=yes
ac_cv_env_CCC_set=
ac_cv_env_CCC_value=
ac_cv_env_CPPFLAGS_set=
ac_cv_env_CPPFLAGS_value=
ac_cv_env_CXXFLAGS_set=
ac_cv_env_CXXFLAGS_value=
ac_cv_env_CXX_set=
ac_cv_env_CXX_value=
ac_cv_env_LDFLAGS_set=
ac_cv_env_LDFLAGS_value=
ac_cv_env_LIBS_set=
ac_cv_env_LIBS_value=
ac_cv_env_build_alias_set=
ac_cv_env_build_alias_value=
ac_cv_env_host_alias_set=
ac_cv_env_host_alias_value=
ac_cv_env_target_alias_set=
ac_cv_env_target_alias_value=
ac_cv_header_Eigen_Dense=no
ac_cv_header_RInside_h=yes
ac_cv_header_chrono=yes
ac_cv_header_cxxabi_h=yes
ac_cv_header_float_h=yes
ac_cv_header_hdf5_h=no
ac_cv_header_inttypes_h=yes
ac_cv_header_metis_h=yes
ac_cv_header_mpi_h=yes
ac_cv_header_nlopt_h=no
ac_cv_header_parmetis_h=yes
ac_cv_header_stddef_h=yes
ac_cv_header_stdint_h=yes
ac_cv_header_stdio_h=yes
ac_cv_header_stdlib_h=yes
ac_cv_header_string_h=yes
ac_cv_header_strings_h=yes
ac_cv_header_sys_stat_h=yes
ac_cv_header_sys_types_h=yes
ac_cv_header_unistd_h=yes
ac_cv_header_wchar_h=yes
ac_cv_lib_hdf5_H5Pset_fapl_mpio=no
ac_cv_lib_m_sqrt=yes
ac_cv_lib_metis_METIS_PartGraphKway=no
ac_cv_lib_mpi_MPI_Recv=yes
ac_cv_lib_nlopt_nlopt_create=no
ac_cv_lib_parmetis_ParMETIS_V3_PartGeomKway=no
ac_cv_objext=o
ac_cv_path_with_r=/usr/bin/R
ac_cv_prog_cxx_11=no
ac_cv_prog_cxx_cxx11=
ac_cv_prog_cxx_g=yes
ac_cv_prog_cxx_stdcxx=

## ----------------- ##
## Output variables. ##
## ----------------- ##

CP='cp'
CPPFLAGS=' -I/usr/lib/x86_64-linux-gnu/openmpi/include -I/usr/lib/x86_64-linux-gnu/openmpi/include/openmpi -I/usr/include/mpi -I/home/lisataldir/local/include -I/usr/share/R/include -I/home/lisataldir/R/x86_64-pc-linux-gnu-library/4.1/RInside/include -I/home/lisataldir/R/x86_64-pc-linux-gnu-library/4.1/Rcpp/include -std=c++17 -O3 -Wno-write-strings'
CPU_LAYOUT='FALSE'
CROSS_CPU='1'
CROSS_HIP=''
CXX='g++'
CXXFLAGS='-g -O2'
DEFS='-DHAVE_CONFIG_H'
ECHO_C=''
ECHO_N='-n'
ECHO_T=''
EXEEXT=''
LDFLAGS=' -L/usr/lib/x86_64-linux-gnu/openmpi/lib -lmpi_cxx -lmpi -L/usr/lib/openmpi/lib -L/home/lisataldir/local/lib -Wl,--export-dynamic -fopenmp -Wl,-Bsymbolic-functions -flto=auto -ffat-lto-objects -flto=auto -Wl,-z,relro -L/usr/lib/R/lib -lR -lpcre2-8 -llzma -lbz2 -lz -ltirpc -lrt -ldl -lm -licuuc -licui18n -lblas -llapack  -L/home/lisataldir/R/x86_64-pc-linux-gnu-library/4.1/RInside/lib -lRInside -Wl,-rpath,/home/lisataldir/R/x86_64-pc-linux-gnu-library/4.1/RInside/lib'
LIBOBJS=''
LIBS='-lmpi -lm '
LTLIBOBJS=''
NVCC=''
NVFLAGS=' -std=c++17'
OBJEXT='o'
PACKAGE_BUGREPORT=''
PACKAGE_NAME='CLB'
PACKAGE_STRING='CLB 0.01'
PACKAGE_TARNAME='clb'
PACKAGE_URL=''
PACKAGE_VERSION='0.01'
PATH_SEPARATOR=':'
PV_BUILD=''
PV_BUILD_INC=''
PV_SOURCE=''
PV_VERSION=''
RTOPT=''
SHELL='/bin/bash'
TAPENADE=''
WARPSIZE=''
WITH_CATALYST=''
WITH_LAMMPS=''
WITH_R=''
X_BLOCK=''
X_MOD='0'
ac_ct_CXX=''
bindir='${exec_prefix}/bin'
build_alias=''
datadir='${datarootdir}'
datarootdir='${prefix}/share'
docdir='${datarootdir}/doc/${PACKAGE_TARNAME}'
dvidir='${docdir}'
exec_prefix='${prefix}'
host_alias=''
htmldir='${docdir}'
includedir='${prefix}/include'
infodir='${datarootdir}/info'
libdir='${exec_prefix}/lib'
libexecdir='${exec_prefix}/libexec'
localedir='${datarootdir}/locale'
localstatedir='${prefix}/var'
mandir='${datarootdir}/man'
oldincludedir='/usr/include'
pdfdir='${docdir}'
prefix='/usr/local'
program_transform_name='s,x,x,'
psdir='${docdir}'
runstatedir='${localstatedir}/run'
sbindir='${exec_prefix}/sbin'
sharedstatedir='${prefix}/com'
sysconfdir='${prefix}/etc'
target_alias=''
with_r='/usr/bin/R'

## ----------- ##
## confdefs.h. ##
## ----------- ##

/* confdefs.h */
#define PACKAGE_NAME "CLB"
#define PACKAGE_TARNAME "clb"
#define PACKAGE_VERSION "0.01"
#define PACKAGE_STRING "CLB 0.01"
#define PACKAGE_BUGREPORT ""
#define PACKAGE_URL ""
#define HAVE_STDIO_H 1
#define HAVE_STDLIB_H 1
#define HAVE_STRING_H 1
#define HAVE_INTTYPES_H 1
#define HAVE_STDINT_H 1
#define HAVE_STRINGS_H 1
#define HAVE_SYS_STAT_H 1
#define HAVE_SYS_TYPES_H 1
#define HAVE_UNISTD_H 1
#define STDC_HEADERS 1
#define HAVE_FLOAT_H 1
#define HAVE_STDDEF_H 1
#define HAVE_STDINT_H 1
#define HAVE_STDLIB_H 1
#define HAVE_STRING_H 1
#define HAVE_WCHAR_H 1
#define HAVE_LIBM 1
#define HAVE_CXXABI_H 1
#define HAS_CXXABI_H 1
#define CALC_DOUBLE_PRECISION 1
#define CROSS_CPU 1
#define X_BLOCK 1
#define WARPSIZE 1
#define GRID3D 1
#define HAVE_MPI_H 1
#define HAVE_LIBMPI 1
#define WITH_EIGEN 1
#define HAVE_METIS_H 1
#define HAVE_PARMETIS_H 1
#define SOLID_CONTAINER 3
#define HAVE_RINSIDE_H 1
#define WITH_R 1
#define HAVE_CHRONO 1
#define USE_STEADY_CLOCK 1
#define DEBUG_LEVEL 3
#define CROSS_MPI_WAITANY 1

configure: exit 0
